Assembler report for decodificador_bcd
<<<<<<< Updated upstream
Sun Mar 05 17:38:25 2023
=======
Mon Mar 06 22:27:46 2023
>>>>>>> Stashed changes
Quartus Prime Version 20.1.1 Build 720 11/11/2020 SJ Lite Edition


---------------------
; Table of Contents ;
---------------------
  1. Legal Notice
  2. Assembler Summary
  3. Assembler Settings
  4. Assembler Generated Files
  5. Assembler Device Options: D:/Quartus_proyectos/GIT/Lab2/drichmond_digital_design_lab_2023/lab2/exp1/output_files/decodificador_bcd.sof
  6. Assembler Messages



----------------
; Legal Notice ;
----------------
Copyright (C) 2020  Intel Corporation. All rights reserved.
Your use of Intel Corporation's design tools, logic functions 
and other software and tools, and any partner logic 
functions, and any output files from any of the foregoing 
(including device programming or simulation files), and any 
associated documentation or information are expressly subject 
to the terms and conditions of the Intel Program License 
Subscription Agreement, the Intel Quartus Prime License Agreement,
the Intel FPGA IP License Agreement, or other applicable license
agreement, including, without limitation, that your use is for
the sole purpose of programming logic devices manufactured by
Intel and sold by Intel or its authorized distributors.  Please
refer to the applicable agreement for further details, at
https://fpgasoftware.intel.com/eula.



+---------------------------------------------------------------+
; Assembler Summary                                             ;
+-----------------------+---------------------------------------+
<<<<<<< Updated upstream
; Assembler Status      ; Successful - Sun Mar 05 17:38:25 2023 ;
=======
; Assembler Status      ; Successful - Mon Mar 06 22:27:46 2023 ;
>>>>>>> Stashed changes
; Revision Name         ; decodificador_bcd                     ;
; Top-level Entity Name ; decodificador_bcd                     ;
; Family                ; Cyclone V                             ;
; Device                ; 5CSEMA5F31C6                          ;
+-----------------------+---------------------------------------+


+----------------------------------+
; Assembler Settings               ;
+--------+---------+---------------+
; Option ; Setting ; Default Value ;
+--------+---------+---------------+


+--------------------------------------------------------------------------------------------------------------+
; Assembler Generated Files                                                                                    ;
+--------------------------------------------------------------------------------------------------------------+
; File Name                                                                                                    ;
+--------------------------------------------------------------------------------------------------------------+
; D:/Quartus_proyectos/GIT/Lab2/drichmond_digital_design_lab_2023/lab2/exp1/output_files/decodificador_bcd.sof ;
+--------------------------------------------------------------------------------------------------------------+


+----------------------------------------------------------------------------------------------------------------------------------------+
; Assembler Device Options: D:/Quartus_proyectos/GIT/Lab2/drichmond_digital_design_lab_2023/lab2/exp1/output_files/decodificador_bcd.sof ;
+----------------+-----------------------------------------------------------------------------------------------------------------------+
; Option         ; Setting                                                                                                               ;
+----------------+-----------------------------------------------------------------------------------------------------------------------+
<<<<<<< Updated upstream
; JTAG usercode  ; 0x00AF9338                                                                                                            ;
; Checksum       ; 0x00AF9338                                                                                                            ;
=======
; JTAG usercode  ; 0x00AF907C                                                                                                            ;
; Checksum       ; 0x00AF907C                                                                                                            ;
>>>>>>> Stashed changes
+----------------+-----------------------------------------------------------------------------------------------------------------------+


+--------------------+
; Assembler Messages ;
+--------------------+
Info: *******************************************************************
Info: Running Quartus Prime Assembler
    Info: Version 20.1.1 Build 720 11/11/2020 SJ Lite Edition
<<<<<<< Updated upstream
    Info: Processing started: Sun Mar 05 17:38:19 2023
=======
    Info: Processing started: Mon Mar 06 22:27:40 2023
>>>>>>> Stashed changes
Info: Command: quartus_asm --read_settings_files=off --write_settings_files=off decodificador_bcd -c decodificador_bcd
Warning (18236): Number of processors has not been specified which may cause overloading on shared machines.  Set the global assignment NUM_PARALLEL_PROCESSORS in your QSF to an appropriate value for best performance.
Info (115030): Assembler is generating device programming files
Info: Quartus Prime Assembler was successful. 0 errors, 1 warning
<<<<<<< Updated upstream
    Info: Peak virtual memory: 4845 megabytes
    Info: Processing ended: Sun Mar 05 17:38:25 2023
=======
    Info: Peak virtual memory: 4847 megabytes
    Info: Processing ended: Mon Mar 06 22:27:46 2023
>>>>>>> Stashed changes
    Info: Elapsed time: 00:00:06
    Info: Total CPU time (on all processors): 00:00:04


