Flow report for decodificador_bcd
<<<<<<< Updated upstream
Sun Mar 05 17:38:33 2023
=======
Mon Mar 06 22:27:54 2023
>>>>>>> Stashed changes
Quartus Prime Version 20.1.1 Build 720 11/11/2020 SJ Lite Edition


---------------------
; Table of Contents ;
---------------------
  1. Legal Notice
  2. Flow Summary
  3. Flow Settings
  4. Flow Non-Default Global Settings
  5. Flow Elapsed Time
  6. Flow OS Summary
  7. Flow Log
  8. Flow Messages
  9. Flow Suppressed Messages



----------------
; Legal Notice ;
----------------
Copyright (C) 2020  Intel Corporation. All rights reserved.
Your use of Intel Corporation's design tools, logic functions 
and other software and tools, and any partner logic 
functions, and any output files from any of the foregoing 
(including device programming or simulation files), and any 
associated documentation or information are expressly subject 
to the terms and conditions of the Intel Program License 
Subscription Agreement, the Intel Quartus Prime License Agreement,
the Intel FPGA IP License Agreement, or other applicable license
agreement, including, without limitation, that your use is for
the sole purpose of programming logic devices manufactured by
Intel and sold by Intel or its authorized distributors.  Please
refer to the applicable agreement for further details, at
https://fpgasoftware.intel.com/eula.



+-------------------------------------------------------------------------------+
; Flow Summary                                                                  ;
+---------------------------------+---------------------------------------------+
<<<<<<< Updated upstream
; Flow Status                     ; Successful - Sun Mar 05 17:38:33 2023       ;
=======
; Flow Status                     ; Successful - Mon Mar 06 22:27:54 2023       ;
>>>>>>> Stashed changes
; Quartus Prime Version           ; 20.1.1 Build 720 11/11/2020 SJ Lite Edition ;
; Revision Name                   ; decodificador_bcd                           ;
; Top-level Entity Name           ; decodificador_bcd                           ;
; Family                          ; Cyclone V                                   ;
; Device                          ; 5CSEMA5F31C6                                ;
; Timing Models                   ; Final                                       ;
; Logic utilization (in ALMs)     ; 6 / 32,070 ( < 1 % )                        ;
; Total registers                 ; 0                                           ;
; Total pins                      ; 16 / 457 ( 4 % )                            ;
; Total virtual pins              ; 0                                           ;
; Total block memory bits         ; 0 / 4,065,280 ( 0 % )                       ;
; Total DSP Blocks                ; 0 / 87 ( 0 % )                              ;
; Total HSSI RX PCSs              ; 0                                           ;
; Total HSSI PMA RX Deserializers ; 0                                           ;
; Total HSSI TX PCSs              ; 0                                           ;
; Total HSSI PMA TX Serializers   ; 0                                           ;
; Total PLLs                      ; 0 / 6 ( 0 % )                               ;
; Total DLLs                      ; 0 / 4 ( 0 % )                               ;
+---------------------------------+---------------------------------------------+


+-----------------------------------------+
; Flow Settings                           ;
+-------------------+---------------------+
; Option            ; Setting             ;
+-------------------+---------------------+
<<<<<<< Updated upstream
; Start date & time ; 03/05/2023 17:37:29 ;
=======
; Start date & time ; 03/06/2023 22:26:54 ;
>>>>>>> Stashed changes
; Main task         ; Compilation         ;
; Revision Name     ; decodificador_bcd   ;
+-------------------+---------------------+


+-------------------------------------------------------------------------------------------------------------------------------------------------+
; Flow Non-Default Global Settings                                                                                                                ;
+--------------------------------------+----------------------------------------+---------------+-------------+-----------------------------------+
; Assignment Name                      ; Value                                  ; Default Value ; Entity Name ; Section Id                        ;
+--------------------------------------+----------------------------------------+---------------+-------------+-----------------------------------+
<<<<<<< Updated upstream
; COMPILER_SIGNATURE_ID                ; 5311882514389.167805944907208          ; --            ; --          ; --                                ;
=======
; COMPILER_SIGNATURE_ID                ; 5311882514389.167816321412348          ; --            ; --          ; --                                ;
>>>>>>> Stashed changes
; EDA_DESIGN_INSTANCE_NAME             ; NA                                     ; --            ; --          ; decodificador_bcd_tb              ;
; EDA_GENERATE_FUNCTIONAL_NETLIST      ; Off                                    ; --            ; --          ; eda_board_design_timing           ;
; EDA_GENERATE_FUNCTIONAL_NETLIST      ; Off                                    ; --            ; --          ; eda_board_design_boundary_scan    ;
; EDA_GENERATE_FUNCTIONAL_NETLIST      ; Off                                    ; --            ; --          ; eda_board_design_signal_integrity ;
; EDA_GENERATE_FUNCTIONAL_NETLIST      ; Off                                    ; --            ; --          ; eda_board_design_symbol           ;
; EDA_NATIVELINK_SIMULATION_TEST_BENCH ; decodificador_bcd_tb                   ; --            ; --          ; eda_simulation                    ;
; EDA_OUTPUT_DATA_FORMAT               ; Systemverilog Hdl                      ; --            ; --          ; eda_simulation                    ;
; EDA_SIMULATION_TOOL                  ; ModelSim (SystemVerilog)               ; <None>        ; --          ; --                                ;
; EDA_TEST_BENCH_ENABLE_STATUS         ; TEST_BENCH_MODE                        ; --            ; --          ; eda_simulation                    ;
; EDA_TEST_BENCH_FILE                  ; decodificador_bcd_tb.sv                ; --            ; --          ; decodificador_bcd_tb              ;
; EDA_TEST_BENCH_MODULE_NAME           ; decodificador_bcd_tb                   ; --            ; --          ; decodificador_bcd_tb              ;
; EDA_TEST_BENCH_NAME                  ; decodificador_bcd_tb                   ; --            ; --          ; eda_simulation                    ;
; EDA_TIME_SCALE                       ; 1 ps                                   ; --            ; --          ; eda_simulation                    ;
; MAX_CORE_JUNCTION_TEMP               ; 85                                     ; --            ; --          ; --                                ;
; MIN_CORE_JUNCTION_TEMP               ; 0                                      ; --            ; --          ; --                                ;
; PARTITION_COLOR                      ; -- (Not supported for targeted family) ; --            ; --          ; Top                               ;
; PARTITION_FITTER_PRESERVATION_LEVEL  ; -- (Not supported for targeted family) ; --            ; --          ; Top                               ;
; PARTITION_NETLIST_TYPE               ; -- (Not supported for targeted family) ; --            ; --          ; Top                               ;
; POWER_BOARD_THERMAL_MODEL            ; None (CONSERVATIVE)                    ; --            ; --          ; --                                ;
; POWER_PRESET_COOLING_SOLUTION        ; 23 MM HEAT SINK WITH 200 LFPM AIRFLOW  ; --            ; --          ; --                                ;
; PROJECT_OUTPUT_DIRECTORY             ; output_files                           ; --            ; --          ; --                                ;
+--------------------------------------+----------------------------------------+---------------+-------------+-----------------------------------+


+--------------------------------------------------------------------------------------------------------------------------+
; Flow Elapsed Time                                                                                                        ;
+----------------------+--------------+-------------------------+---------------------+------------------------------------+
; Module Name          ; Elapsed Time ; Average Processors Used ; Peak Virtual Memory ; Total CPU Time (on all processors) ;
+----------------------+--------------+-------------------------+---------------------+------------------------------------+
<<<<<<< Updated upstream
; Analysis & Synthesis ; 00:00:10     ; 1.0                     ; 4826 MB             ; 00:00:14                           ;
; Fitter               ; 00:00:37     ; 1.0                     ; 6695 MB             ; 00:00:30                           ;
; Assembler            ; 00:00:06     ; 1.0                     ; 4844 MB             ; 00:00:04                           ;
; Timing Analyzer      ; 00:00:05     ; 1.0                     ; 5134 MB             ; 00:00:02                           ;
; EDA Netlist Writer   ; 00:00:01     ; 1.0                     ; 4726 MB             ; 00:00:01                           ;
; Total                ; 00:00:59     ; --                      ; --                  ; 00:00:51                           ;
=======
; Analysis & Synthesis ; 00:00:08     ; 1.0                     ; 4822 MB             ; 00:00:11                           ;
; Fitter               ; 00:00:34     ; 1.0                     ; 6699 MB             ; 00:00:34                           ;
; Assembler            ; 00:00:06     ; 1.0                     ; 4846 MB             ; 00:00:04                           ;
; Timing Analyzer      ; 00:00:05     ; 1.0                     ; 5136 MB             ; 00:00:02                           ;
; EDA Netlist Writer   ; 00:00:01     ; 1.0                     ; 4726 MB             ; 00:00:01                           ;
; Total                ; 00:00:54     ; --                      ; --                  ; 00:00:52                           ;
>>>>>>> Stashed changes
+----------------------+--------------+-------------------------+---------------------+------------------------------------+


+------------------------------------------------------------------------------------+
; Flow OS Summary                                                                    ;
+----------------------+------------------+------------+------------+----------------+
; Module Name          ; Machine Hostname ; OS Name    ; OS Version ; Processor type ;
+----------------------+------------------+------------+------------+----------------+
; Analysis & Synthesis ; LAPTOP-NC9N754L  ; Windows 10 ; 10.0       ; x86_64         ;
; Fitter               ; LAPTOP-NC9N754L  ; Windows 10 ; 10.0       ; x86_64         ;
; Assembler            ; LAPTOP-NC9N754L  ; Windows 10 ; 10.0       ; x86_64         ;
; Timing Analyzer      ; LAPTOP-NC9N754L  ; Windows 10 ; 10.0       ; x86_64         ;
; EDA Netlist Writer   ; LAPTOP-NC9N754L  ; Windows 10 ; 10.0       ; x86_64         ;
+----------------------+------------------+------------+------------+----------------+


------------
; Flow Log ;
------------
quartus_map --read_settings_files=on --write_settings_files=off decodificador_bcd -c decodificador_bcd
quartus_fit --read_settings_files=off --write_settings_files=off decodificador_bcd -c decodificador_bcd
quartus_asm --read_settings_files=off --write_settings_files=off decodificador_bcd -c decodificador_bcd
quartus_sta decodificador_bcd -c decodificador_bcd
quartus_eda --read_settings_files=off --write_settings_files=off decodificador_bcd -c decodificador_bcd



