Analysis & Synthesis report for ALU
Wed Mar 22 23:52:24 2023
Quartus Prime Version 20.1.1 Build 720 11/11/2020 SJ Lite Edition


---------------------
; Table of Contents ;
---------------------
  1. Legal Notice
  2. Analysis & Synthesis Summary
  3. Analysis & Synthesis Settings
  4. Parallel Compilation
  5. Analysis & Synthesis Source Files Read
  6. Analysis & Synthesis Resource Usage Summary
  7. Analysis & Synthesis Resource Utilization by Entity
  8. General Register Statistics
  9. Multiplexer Restructuring Statistics (Restructuring Performed)
 10. Parameter Settings for User Entity Instance: Top-level Entity: |ALU
 11. Parameter Settings for User Entity Instance: mux_10to1:muxresult
 12. Parameter Settings for User Entity Instance: adder_nbits:adder
 13. Parameter Settings for User Entity Instance: substractor_nbits:substractor
 14. Parameter Settings for User Entity Instance: not_module:notmodule
 15. Parameter Settings for User Entity Instance: and_module:andmodule
 16. Parameter Settings for User Entity Instance: or_module:ormodule
 17. Parameter Settings for User Entity Instance: xor_module:xormodule
 18. Parameter Settings for User Entity Instance: shifter_nbits:shifter
 19. Parameter Settings for User Entity Instance: mux_10to1:mux_neg_flag
 20. Parameter Settings for User Entity Instance: mux_10to1:mux_zr_flag
 21. Parameter Settings for User Entity Instance: mux_10to1:mux_cry_flag
 22. Parameter Settings for User Entity Instance: mux_10to1:mux_of_flag
 23. Port Connectivity Checks: "mux_10to1:mux_of_flag"
 24. Port Connectivity Checks: "mux_10to1:mux_cry_flag"
 25. Port Connectivity Checks: "mux_10to1:mux_zr_flag"
 26. Port Connectivity Checks: "mux_10to1:mux_neg_flag"
 27. Port Connectivity Checks: "substractor_nbits:substractor|full_substractor:generate_N_bit_Adder[0].f"
 28. Port Connectivity Checks: "adder_nbits:adder|full_adder:generate_N_bit_Adder[0].f"
 29. Post-Synthesis Netlist Statistics for Top Partition
 30. Elapsed Time Per Partition
 31. Analysis & Synthesis Messages



----------------
; Legal Notice ;
----------------
Copyright (C) 2020  Intel Corporation. All rights reserved.
Your use of Intel Corporation's design tools, logic functions 
and other software and tools, and any partner logic 
functions, and any output files from any of the foregoing 
(including device programming or simulation files), and any 
associated documentation or information are expressly subject 
to the terms and conditions of the Intel Program License 
Subscription Agreement, the Intel Quartus Prime License Agreement,
the Intel FPGA IP License Agreement, or other applicable license
agreement, including, without limitation, that your use is for
the sole purpose of programming logic devices manufactured by
Intel and sold by Intel or its authorized distributors.  Please
refer to the applicable agreement for further details, at
https://fpgasoftware.intel.com/eula.



+-------------------------------------------------------------------------------+
; Analysis & Synthesis Summary                                                  ;
+---------------------------------+---------------------------------------------+
; Analysis & Synthesis Status     ; Successful - Wed Mar 22 23:52:24 2023       ;
; Quartus Prime Version           ; 20.1.1 Build 720 11/11/2020 SJ Lite Edition ;
; Revision Name                   ; ALU                                         ;
; Top-level Entity Name           ; ALU                                         ;
; Family                          ; Cyclone V                                   ;
; Logic utilization (in ALMs)     ; N/A                                         ;
; Total registers                 ; 0                                           ;
; Total pins                      ; 27                                          ;
; Total virtual pins              ; 0                                           ;
; Total block memory bits         ; 0                                           ;
; Total DSP Blocks                ; 0                                           ;
; Total HSSI RX PCSs              ; 0                                           ;
; Total HSSI PMA RX Deserializers ; 0                                           ;
; Total HSSI TX PCSs              ; 0                                           ;
; Total HSSI PMA TX Serializers   ; 0                                           ;
; Total PLLs                      ; 0                                           ;
; Total DLLs                      ; 0                                           ;
+---------------------------------+---------------------------------------------+


+---------------------------------------------------------------------------------------------------------------------------+
; Analysis & Synthesis Settings                                                                                             ;
+---------------------------------------------------------------------------------+--------------------+--------------------+
; Option                                                                          ; Setting            ; Default Value      ;
+---------------------------------------------------------------------------------+--------------------+--------------------+
; Device                                                                          ; 5CGXFC7C7F23C8     ;                    ;
; Top-level entity name                                                           ; ALU                ; ALU                ;
; Family name                                                                     ; Cyclone V          ; Cyclone V          ;
; Use smart compilation                                                           ; Off                ; Off                ;
; Enable parallel Assembler and Timing Analyzer during compilation                ; On                 ; On                 ;
; Enable compact report table                                                     ; Off                ; Off                ;
; Restructure Multiplexers                                                        ; Auto               ; Auto               ;
; MLAB Add Timing Constraints For Mixed-Port Feed-Through Mode Setting Don't Care ; Off                ; Off                ;
; Create Debugging Nodes for IP Cores                                             ; Off                ; Off                ;
; Preserve fewer node names                                                       ; On                 ; On                 ;
; Intel FPGA IP Evaluation Mode                                                   ; Enable             ; Enable             ;
; Verilog Version                                                                 ; Verilog_2001       ; Verilog_2001       ;
; VHDL Version                                                                    ; VHDL_1993          ; VHDL_1993          ;
; State Machine Processing                                                        ; Auto               ; Auto               ;
; Safe State Machine                                                              ; Off                ; Off                ;
; Extract Verilog State Machines                                                  ; On                 ; On                 ;
; Extract VHDL State Machines                                                     ; On                 ; On                 ;
; Ignore Verilog initial constructs                                               ; Off                ; Off                ;
; Iteration limit for constant Verilog loops                                      ; 5000               ; 5000               ;
; Iteration limit for non-constant Verilog loops                                  ; 250                ; 250                ;
; Add Pass-Through Logic to Inferred RAMs                                         ; On                 ; On                 ;
; Infer RAMs from Raw Logic                                                       ; On                 ; On                 ;
; Parallel Synthesis                                                              ; On                 ; On                 ;
; DSP Block Balancing                                                             ; Auto               ; Auto               ;
; NOT Gate Push-Back                                                              ; On                 ; On                 ;
; Power-Up Don't Care                                                             ; On                 ; On                 ;
; Remove Redundant Logic Cells                                                    ; Off                ; Off                ;
; Remove Duplicate Registers                                                      ; On                 ; On                 ;
; Ignore CARRY Buffers                                                            ; Off                ; Off                ;
; Ignore CASCADE Buffers                                                          ; Off                ; Off                ;
; Ignore GLOBAL Buffers                                                           ; Off                ; Off                ;
; Ignore ROW GLOBAL Buffers                                                       ; Off                ; Off                ;
; Ignore LCELL Buffers                                                            ; Off                ; Off                ;
; Ignore SOFT Buffers                                                             ; On                 ; On                 ;
; Limit AHDL Integers to 32 Bits                                                  ; Off                ; Off                ;
; Optimization Technique                                                          ; Balanced           ; Balanced           ;
; Carry Chain Length                                                              ; 70                 ; 70                 ;
; Auto Carry Chains                                                               ; On                 ; On                 ;
; Auto Open-Drain Pins                                                            ; On                 ; On                 ;
; Perform WYSIWYG Primitive Resynthesis                                           ; Off                ; Off                ;
; Auto ROM Replacement                                                            ; On                 ; On                 ;
; Auto RAM Replacement                                                            ; On                 ; On                 ;
; Auto DSP Block Replacement                                                      ; On                 ; On                 ;
; Auto Shift Register Replacement                                                 ; Auto               ; Auto               ;
; Allow Shift Register Merging across Hierarchies                                 ; Auto               ; Auto               ;
; Auto Clock Enable Replacement                                                   ; On                 ; On                 ;
; Strict RAM Replacement                                                          ; Off                ; Off                ;
; Allow Synchronous Control Signals                                               ; On                 ; On                 ;
; Force Use of Synchronous Clear Signals                                          ; Off                ; Off                ;
; Auto Resource Sharing                                                           ; Off                ; Off                ;
; Allow Any RAM Size For Recognition                                              ; Off                ; Off                ;
; Allow Any ROM Size For Recognition                                              ; Off                ; Off                ;
; Allow Any Shift Register Size For Recognition                                   ; Off                ; Off                ;
; Use LogicLock Constraints during Resource Balancing                             ; On                 ; On                 ;
; Ignore translate_off and synthesis_off directives                               ; Off                ; Off                ;
; Timing-Driven Synthesis                                                         ; On                 ; On                 ;
; Report Parameter Settings                                                       ; On                 ; On                 ;
; Report Source Assignments                                                       ; On                 ; On                 ;
; Report Connectivity Checks                                                      ; On                 ; On                 ;
; Ignore Maximum Fan-Out Assignments                                              ; Off                ; Off                ;
; Synchronization Register Chain Length                                           ; 3                  ; 3                  ;
; Power Optimization During Synthesis                                             ; Normal compilation ; Normal compilation ;
; HDL message level                                                               ; Level2             ; Level2             ;
; Suppress Register Optimization Related Messages                                 ; Off                ; Off                ;
; Number of Removed Registers Reported in Synthesis Report                        ; 5000               ; 5000               ;
; Number of Swept Nodes Reported in Synthesis Report                              ; 5000               ; 5000               ;
; Number of Inverted Registers Reported in Synthesis Report                       ; 100                ; 100                ;
; Clock MUX Protection                                                            ; On                 ; On                 ;
; Auto Gated Clock Conversion                                                     ; Off                ; Off                ;
; Block Design Naming                                                             ; Auto               ; Auto               ;
; SDC constraint protection                                                       ; Off                ; Off                ;
; Synthesis Effort                                                                ; Auto               ; Auto               ;
; Shift Register Replacement - Allow Asynchronous Clear Signal                    ; On                 ; On                 ;
; Pre-Mapping Resynthesis Optimization                                            ; Off                ; Off                ;
; Analysis & Synthesis Message Level                                              ; Medium             ; Medium             ;
; Disable Register Merging Across Hierarchies                                     ; Auto               ; Auto               ;
; Resource Aware Inference For Block RAM                                          ; On                 ; On                 ;
; Automatic Parallel Synthesis                                                    ; On                 ; On                 ;
; Partial Reconfiguration Bitstream ID                                            ; Off                ; Off                ;
+---------------------------------------------------------------------------------+--------------------+--------------------+


+------------------------------------------+
; Parallel Compilation                     ;
+----------------------------+-------------+
; Processors                 ; Number      ;
+----------------------------+-------------+
; Number detected on machine ; 16          ;
; Maximum allowed            ; 16          ;
;                            ;             ;
; Average used               ; 1.00        ;
; Maximum used               ; 1           ;
;                            ;             ;
; Usage by Processor         ; % Time Used ;
;     Processor 1            ; 100.0%      ;
+----------------------------+-------------+


+------------------------------------------------------------------------------------------------------------------------------------------------------------------------------------------------------+
; Analysis & Synthesis Source Files Read                                                                                                                                                               ;
+----------------------------------+-----------------+------------------------------+--------------------------------------------------------------------------------------------------------+---------+
; File Name with User-Entered Path ; Used in Netlist ; File Type                    ; File Name with Absolute Path                                                                           ; Library ;
+----------------------------------+-----------------+------------------------------+--------------------------------------------------------------------------------------------------------+---------+
; display_converter.sv             ; yes             ; User SystemVerilog HDL File  ; C:/Users/Joseff01/Documents/Git/drichmond_digital_design_lab_2023/lab3/Problema 1/display_converter.sv ;         ;
; mux_10to1.sv                     ; yes             ; User SystemVerilog HDL File  ; C:/Users/Joseff01/Documents/Git/drichmond_digital_design_lab_2023/lab3/Problema 1/mux_10to1.sv         ;         ;
; xor_module.sv                    ; yes             ; User SystemVerilog HDL File  ; C:/Users/Joseff01/Documents/Git/drichmond_digital_design_lab_2023/lab3/Problema 1/xor_module.sv        ;         ;
; or_module.sv                     ; yes             ; User SystemVerilog HDL File  ; C:/Users/Joseff01/Documents/Git/drichmond_digital_design_lab_2023/lab3/Problema 1/or_module.sv         ;         ;
; not_module.sv                    ; yes             ; User SystemVerilog HDL File  ; C:/Users/Joseff01/Documents/Git/drichmond_digital_design_lab_2023/lab3/Problema 1/not_module.sv        ;         ;
; and_module.sv                    ; yes             ; User SystemVerilog HDL File  ; C:/Users/Joseff01/Documents/Git/drichmond_digital_design_lab_2023/lab3/Problema 1/and_module.sv        ;         ;
; deco_2_4.sv                      ; yes             ; User SystemVerilog HDL File  ; C:/Users/Joseff01/Documents/Git/drichmond_digital_design_lab_2023/lab3/Problema 1/deco_2_4.sv          ;         ;
; adder_nbits.sv                   ; yes             ; User SystemVerilog HDL File  ; C:/Users/Joseff01/Documents/Git/drichmond_digital_design_lab_2023/lab3/Problema 1/adder_nbits.sv       ;         ;
; ALU.sv                           ; yes             ; User SystemVerilog HDL File  ; C:/Users/Joseff01/Documents/Git/drichmond_digital_design_lab_2023/lab3/Problema 1/ALU.sv               ;         ;
; full_adder.sv                    ; yes             ; User SystemVerilog HDL File  ; C:/Users/Joseff01/Documents/Git/drichmond_digital_design_lab_2023/lab3/Problema 1/full_adder.sv        ;         ;
; full_substractor.sv              ; yes             ; User SystemVerilog HDL File  ; C:/Users/Joseff01/Documents/Git/drichmond_digital_design_lab_2023/lab3/Problema 1/full_substractor.sv  ;         ;
; substractor_nbits.sv             ; yes             ; User SystemVerilog HDL File  ; C:/Users/Joseff01/Documents/Git/drichmond_digital_design_lab_2023/lab3/Problema 1/substractor_nbits.sv ;         ;
; shifter_nbits.sv                 ; yes             ; User SystemVerilog HDL File  ; C:/Users/Joseff01/Documents/Git/drichmond_digital_design_lab_2023/lab3/Problema 1/shifter_nbits.sv     ;         ;
+----------------------------------+-----------------+------------------------------+--------------------------------------------------------------------------------------------------------+---------+


+----------------------------------------------------------+
; Analysis & Synthesis Resource Usage Summary              ;
+---------------------------------------------+------------+
; Resource                                    ; Usage      ;
+---------------------------------------------+------------+
; Estimate of Logic utilization (ALMs needed) ; 29         ;
;                                             ;            ;
; Combinational ALUT usage for logic          ; 44         ;
;     -- 7 input functions                    ; 2          ;
;     -- 6 input functions                    ; 11         ;
;     -- 5 input functions                    ; 10         ;
;     -- 4 input functions                    ; 13         ;
;     -- <=3 input functions                  ; 8          ;
;                                             ;            ;
; Dedicated logic registers                   ; 0          ;
;                                             ;            ;
; I/O pins                                    ; 27         ;
;                                             ;            ;
; Total DSP Blocks                            ; 0          ;
;                                             ;            ;
; Maximum fan-out node                        ; s[2]~input ;
; Maximum fan-out                             ; 15         ;
; Total fan-out                               ; 243        ;
; Average fan-out                             ; 2.48       ;
+---------------------------------------------+------------+


+--------------------------------------------------------------------------------------------------------------------------------------------------------------------------------------------------------------------------------------------------------------------------------+
; Analysis & Synthesis Resource Utilization by Entity                                                                                                                                                                                                                            ;
+----------------------------------------------------+---------------------+---------------------------+-------------------+------------+------+--------------+-------------------------------------------------------------------------------+-------------------+--------------+
; Compilation Hierarchy Node                         ; Combinational ALUTs ; Dedicated Logic Registers ; Block Memory Bits ; DSP Blocks ; Pins ; Virtual Pins ; Full Hierarchy Name                                                           ; Entity Name       ; Library Name ;
+----------------------------------------------------+---------------------+---------------------------+-------------------+------------+------+--------------+-------------------------------------------------------------------------------+-------------------+--------------+
; |ALU                                               ; 44 (0)              ; 0 (0)                     ; 0                 ; 0          ; 27   ; 0            ; |ALU                                                                          ; ALU               ; work         ;
;    |adder_nbits:adder|                             ; 4 (0)               ; 0 (0)                     ; 0                 ; 0          ; 0    ; 0            ; |ALU|adder_nbits:adder                                                        ; adder_nbits       ; work         ;
;       |full_adder:generate_N_bit_Adder[1].f|       ; 1 (1)               ; 0 (0)                     ; 0                 ; 0          ; 0    ; 0            ; |ALU|adder_nbits:adder|full_adder:generate_N_bit_Adder[1].f                   ; full_adder        ; work         ;
;       |full_adder:generate_N_bit_Adder[2].f|       ; 1 (1)               ; 0 (0)                     ; 0                 ; 0          ; 0    ; 0            ; |ALU|adder_nbits:adder|full_adder:generate_N_bit_Adder[2].f                   ; full_adder        ; work         ;
;       |full_adder:generate_N_bit_Adder[3].f|       ; 2 (2)               ; 0 (0)                     ; 0                 ; 0          ; 0    ; 0            ; |ALU|adder_nbits:adder|full_adder:generate_N_bit_Adder[3].f                   ; full_adder        ; work         ;
;    |display_converter:hex_converter|               ; 7 (7)               ; 0 (0)                     ; 0                 ; 0          ; 0    ; 0            ; |ALU|display_converter:hex_converter                                          ; display_converter ; work         ;
;    |mux_10to1:mux_cry_flag|                        ; 2 (2)               ; 0 (0)                     ; 0                 ; 0          ; 0    ; 0            ; |ALU|mux_10to1:mux_cry_flag                                                   ; mux_10to1         ; work         ;
;    |mux_10to1:mux_neg_flag|                        ; 4 (4)               ; 0 (0)                     ; 0                 ; 0          ; 0    ; 0            ; |ALU|mux_10to1:mux_neg_flag                                                   ; mux_10to1         ; work         ;
;    |mux_10to1:mux_of_flag|                         ; 2 (2)               ; 0 (0)                     ; 0                 ; 0          ; 0    ; 0            ; |ALU|mux_10to1:mux_of_flag                                                    ; mux_10to1         ; work         ;
;    |mux_10to1:mux_zr_flag|                         ; 7 (7)               ; 0 (0)                     ; 0                 ; 0          ; 0    ; 0            ; |ALU|mux_10to1:mux_zr_flag                                                    ; mux_10to1         ; work         ;
;    |mux_10to1:muxresult|                           ; 12 (12)             ; 0 (0)                     ; 0                 ; 0          ; 0    ; 0            ; |ALU|mux_10to1:muxresult                                                      ; mux_10to1         ; work         ;
;    |shifter_nbits:shifter|                         ; 3 (3)               ; 0 (0)                     ; 0                 ; 0          ; 0    ; 0            ; |ALU|shifter_nbits:shifter                                                    ; shifter_nbits     ; work         ;
;    |substractor_nbits:substractor|                 ; 3 (0)               ; 0 (0)                     ; 0                 ; 0          ; 0    ; 0            ; |ALU|substractor_nbits:substractor                                            ; substractor_nbits ; work         ;
;       |full_substractor:generate_N_bit_Adder[0].f| ; 1 (1)               ; 0 (0)                     ; 0                 ; 0          ; 0    ; 0            ; |ALU|substractor_nbits:substractor|full_substractor:generate_N_bit_Adder[0].f ; full_substractor  ; work         ;
;       |full_substractor:generate_N_bit_Adder[1].f| ; 1 (1)               ; 0 (0)                     ; 0                 ; 0          ; 0    ; 0            ; |ALU|substractor_nbits:substractor|full_substractor:generate_N_bit_Adder[1].f ; full_substractor  ; work         ;
;       |full_substractor:generate_N_bit_Adder[2].f| ; 1 (1)               ; 0 (0)                     ; 0                 ; 0          ; 0    ; 0            ; |ALU|substractor_nbits:substractor|full_substractor:generate_N_bit_Adder[2].f ; full_substractor  ; work         ;
+----------------------------------------------------+---------------------+---------------------------+-------------------+------------+------+--------------+-------------------------------------------------------------------------------+-------------------+--------------+
Note: For table entries with two numbers listed, the numbers in parentheses indicate the number of resources of the given type used by the specific entity alone. The numbers listed outside of parentheses indicate the total resources of the given type used by the specific entity and all of its sub-entities in the hierarchy.


+------------------------------------------------------+
; General Register Statistics                          ;
+----------------------------------------------+-------+
; Statistic                                    ; Value ;
+----------------------------------------------+-------+
; Total registers                              ; 0     ;
; Number of registers using Synchronous Clear  ; 0     ;
; Number of registers using Synchronous Load   ; 0     ;
; Number of registers using Asynchronous Clear ; 0     ;
; Number of registers using Asynchronous Load  ; 0     ;
; Number of registers using Clock Enable       ; 0     ;
; Number of registers using Preset             ; 0     ;
+----------------------------------------------+-------+


+-----------------------------------------------------------------------------------------------------------------------------------------------+
; Multiplexer Restructuring Statistics (Restructuring Performed)                                                                                ;
+--------------------+-----------+---------------+----------------------+------------------------+------------+---------------------------------+
; Multiplexer Inputs ; Bus Width ; Baseline Area ; Area if Restructured ; Saving if Restructured ; Registered ; Example Multiplexer Output      ;
+--------------------+-----------+---------------+----------------------+------------------------+------------+---------------------------------+
; 16:1               ; 2 bits    ; 20 LEs        ; 6 LEs                ; 14 LEs                 ; No         ; |ALU|mux_10to1:mux_zr_flag|Mux3 ;
; 16:1               ; 2 bits    ; 20 LEs        ; 8 LEs                ; 12 LEs                 ; No         ; |ALU|mux_10to1:muxresult|Mux2   ;
+--------------------+-----------+---------------+----------------------+------------------------+------------+---------------------------------+


+---------------------------------------------------------------------+
; Parameter Settings for User Entity Instance: Top-level Entity: |ALU ;
+----------------+-------+--------------------------------------------+
; Parameter Name ; Value ; Type                                       ;
+----------------+-------+--------------------------------------------+
; N              ; 4     ; Signed Integer                             ;
+----------------+-------+--------------------------------------------+
Note: In order to hide this table in the UI and the text report file, please set the "Show Parameter Settings in Synthesis Report" option in "Analysis and Synthesis Settings -> More Settings" to "Off".


+------------------------------------------------------------------+
; Parameter Settings for User Entity Instance: mux_10to1:muxresult ;
+----------------+-------+-----------------------------------------+
; Parameter Name ; Value ; Type                                    ;
+----------------+-------+-----------------------------------------+
; N              ; 4     ; Signed Integer                          ;
+----------------+-------+-----------------------------------------+
Note: In order to hide this table in the UI and the text report file, please set the "Show Parameter Settings in Synthesis Report" option in "Analysis and Synthesis Settings -> More Settings" to "Off".


+----------------------------------------------------------------+
; Parameter Settings for User Entity Instance: adder_nbits:adder ;
+----------------+-------+---------------------------------------+
; Parameter Name ; Value ; Type                                  ;
+----------------+-------+---------------------------------------+
; N              ; 4     ; Signed Integer                        ;
+----------------+-------+---------------------------------------+
Note: In order to hide this table in the UI and the text report file, please set the "Show Parameter Settings in Synthesis Report" option in "Analysis and Synthesis Settings -> More Settings" to "Off".


+----------------------------------------------------------------------------+
; Parameter Settings for User Entity Instance: substractor_nbits:substractor ;
+----------------+-------+---------------------------------------------------+
; Parameter Name ; Value ; Type                                              ;
+----------------+-------+---------------------------------------------------+
; N              ; 4     ; Signed Integer                                    ;
+----------------+-------+---------------------------------------------------+
Note: In order to hide this table in the UI and the text report file, please set the "Show Parameter Settings in Synthesis Report" option in "Analysis and Synthesis Settings -> More Settings" to "Off".


+-------------------------------------------------------------------+
; Parameter Settings for User Entity Instance: not_module:notmodule ;
+----------------+-------+------------------------------------------+
; Parameter Name ; Value ; Type                                     ;
+----------------+-------+------------------------------------------+
; N              ; 4     ; Signed Integer                           ;
+----------------+-------+------------------------------------------+
Note: In order to hide this table in the UI and the text report file, please set the "Show Parameter Settings in Synthesis Report" option in "Analysis and Synthesis Settings -> More Settings" to "Off".


+-------------------------------------------------------------------+
; Parameter Settings for User Entity Instance: and_module:andmodule ;
+----------------+-------+------------------------------------------+
; Parameter Name ; Value ; Type                                     ;
+----------------+-------+------------------------------------------+
; N              ; 4     ; Signed Integer                           ;
+----------------+-------+------------------------------------------+
Note: In order to hide this table in the UI and the text report file, please set the "Show Parameter Settings in Synthesis Report" option in "Analysis and Synthesis Settings -> More Settings" to "Off".


+-----------------------------------------------------------------+
; Parameter Settings for User Entity Instance: or_module:ormodule ;
+----------------+-------+----------------------------------------+
; Parameter Name ; Value ; Type                                   ;
+----------------+-------+----------------------------------------+
; N              ; 4     ; Signed Integer                         ;
+----------------+-------+----------------------------------------+
Note: In order to hide this table in the UI and the text report file, please set the "Show Parameter Settings in Synthesis Report" option in "Analysis and Synthesis Settings -> More Settings" to "Off".


+-------------------------------------------------------------------+
; Parameter Settings for User Entity Instance: xor_module:xormodule ;
+----------------+-------+------------------------------------------+
; Parameter Name ; Value ; Type                                     ;
+----------------+-------+------------------------------------------+
; N              ; 4     ; Signed Integer                           ;
+----------------+-------+------------------------------------------+
Note: In order to hide this table in the UI and the text report file, please set the "Show Parameter Settings in Synthesis Report" option in "Analysis and Synthesis Settings -> More Settings" to "Off".


+--------------------------------------------------------------------+
; Parameter Settings for User Entity Instance: shifter_nbits:shifter ;
+----------------+-------+-------------------------------------------+
; Parameter Name ; Value ; Type                                      ;
+----------------+-------+-------------------------------------------+
; N              ; 4     ; Signed Integer                            ;
+----------------+-------+-------------------------------------------+
Note: In order to hide this table in the UI and the text report file, please set the "Show Parameter Settings in Synthesis Report" option in "Analysis and Synthesis Settings -> More Settings" to "Off".


+---------------------------------------------------------------------+
; Parameter Settings for User Entity Instance: mux_10to1:mux_neg_flag ;
+----------------+-------+--------------------------------------------+
; Parameter Name ; Value ; Type                                       ;
+----------------+-------+--------------------------------------------+
; N              ; 4     ; Signed Integer                             ;
+----------------+-------+--------------------------------------------+
Note: In order to hide this table in the UI and the text report file, please set the "Show Parameter Settings in Synthesis Report" option in "Analysis and Synthesis Settings -> More Settings" to "Off".


+--------------------------------------------------------------------+
; Parameter Settings for User Entity Instance: mux_10to1:mux_zr_flag ;
+----------------+-------+-------------------------------------------+
; Parameter Name ; Value ; Type                                      ;
+----------------+-------+-------------------------------------------+
; N              ; 4     ; Signed Integer                            ;
+----------------+-------+-------------------------------------------+
Note: In order to hide this table in the UI and the text report file, please set the "Show Parameter Settings in Synthesis Report" option in "Analysis and Synthesis Settings -> More Settings" to "Off".


+---------------------------------------------------------------------+
; Parameter Settings for User Entity Instance: mux_10to1:mux_cry_flag ;
+----------------+-------+--------------------------------------------+
; Parameter Name ; Value ; Type                                       ;
+----------------+-------+--------------------------------------------+
; N              ; 4     ; Signed Integer                             ;
+----------------+-------+--------------------------------------------+
Note: In order to hide this table in the UI and the text report file, please set the "Show Parameter Settings in Synthesis Report" option in "Analysis and Synthesis Settings -> More Settings" to "Off".


+--------------------------------------------------------------------+
; Parameter Settings for User Entity Instance: mux_10to1:mux_of_flag ;
+----------------+-------+-------------------------------------------+
; Parameter Name ; Value ; Type                                      ;
+----------------+-------+-------------------------------------------+
; N              ; 4     ; Signed Integer                            ;
+----------------+-------+-------------------------------------------+
Note: In order to hide this table in the UI and the text report file, please set the "Show Parameter Settings in Synthesis Report" option in "Analysis and Synthesis Settings -> More Settings" to "Off".


+------------------------------------------------------------------------------------------------------------------------------------------------------------------------------------------------------------------------+
; Port Connectivity Checks: "mux_10to1:mux_of_flag"                                                                                                                                                                      ;
+---------------+--------+----------+------------------------------------------------------------------------------------------------------------------------------------------------------------------------------------+
; Port          ; Type   ; Severity ; Details                                                                                                                                                                            ;
+---------------+--------+----------+------------------------------------------------------------------------------------------------------------------------------------------------------------------------------------+
; out_mux       ; Output ; Warning  ; Output or bidir port (4 bits) is wider than the port expression (1 bits) it drives; bit(s) "out_mux[3..1]" have no fanouts                                                         ;
; out_suma      ; Input  ; Warning  ; Input port expression (1 bits) is smaller than the input port (4 bits) it drives.  Extra input bit(s) "out_suma[3..1]" will be connected to GND.                                   ;
; out_rest      ; Input  ; Warning  ; Input port expression (1 bits) is smaller than the input port (4 bits) it drives.  Extra input bit(s) "out_rest[3..1]" will be connected to GND.                                   ;
; out_not       ; Input  ; Warning  ; Input port expression (32 bits) is wider than the input port (4 bits) it drives.  The 28 most-significant bit(s) in the expression will be dangling if they have no other fanouts. ;
; out_not[3..0] ; Input  ; Info     ; Stuck at GND                                                                                                                                                                       ;
; out_and       ; Input  ; Warning  ; Input port expression (32 bits) is wider than the input port (4 bits) it drives.  The 28 most-significant bit(s) in the expression will be dangling if they have no other fanouts. ;
; out_and[3..0] ; Input  ; Info     ; Stuck at GND                                                                                                                                                                       ;
; out_or        ; Input  ; Warning  ; Input port expression (32 bits) is wider than the input port (4 bits) it drives.  The 28 most-significant bit(s) in the expression will be dangling if they have no other fanouts. ;
; out_or[3..0]  ; Input  ; Info     ; Stuck at GND                                                                                                                                                                       ;
; out_xor       ; Input  ; Warning  ; Input port expression (32 bits) is wider than the input port (4 bits) it drives.  The 28 most-significant bit(s) in the expression will be dangling if they have no other fanouts. ;
; out_xor[3..0] ; Input  ; Info     ; Stuck at GND                                                                                                                                                                       ;
; out_right_ar  ; Input  ; Warning  ; Input port expression (1 bits) is smaller than the input port (4 bits) it drives.  Extra input bit(s) "out_right_ar[3..1]" will be connected to GND.                               ;
; out_right_lo  ; Input  ; Warning  ; Input port expression (1 bits) is smaller than the input port (4 bits) it drives.  Extra input bit(s) "out_right_lo[3..1]" will be connected to GND.                               ;
; out_left_ar   ; Input  ; Warning  ; Input port expression (1 bits) is smaller than the input port (4 bits) it drives.  Extra input bit(s) "out_left_ar[3..1]" will be connected to GND.                                ;
; out_left_lo   ; Input  ; Warning  ; Input port expression (1 bits) is smaller than the input port (4 bits) it drives.  Extra input bit(s) "out_left_lo[3..1]" will be connected to GND.                                ;
+---------------+--------+----------+------------------------------------------------------------------------------------------------------------------------------------------------------------------------------------+


+------------------------------------------------------------------------------------------------------------------------------------------------------------------------------------------------------------------------+
; Port Connectivity Checks: "mux_10to1:mux_cry_flag"                                                                                                                                                                     ;
+---------------+--------+----------+------------------------------------------------------------------------------------------------------------------------------------------------------------------------------------+
; Port          ; Type   ; Severity ; Details                                                                                                                                                                            ;
+---------------+--------+----------+------------------------------------------------------------------------------------------------------------------------------------------------------------------------------------+
; out_mux       ; Output ; Warning  ; Output or bidir port (4 bits) is wider than the port expression (1 bits) it drives; bit(s) "out_mux[3..1]" have no fanouts                                                         ;
; out_suma      ; Input  ; Warning  ; Input port expression (1 bits) is smaller than the input port (4 bits) it drives.  Extra input bit(s) "out_suma[3..1]" will be connected to GND.                                   ;
; out_rest      ; Input  ; Warning  ; Input port expression (1 bits) is smaller than the input port (4 bits) it drives.  Extra input bit(s) "out_rest[3..1]" will be connected to GND.                                   ;
; out_not       ; Input  ; Warning  ; Input port expression (32 bits) is wider than the input port (4 bits) it drives.  The 28 most-significant bit(s) in the expression will be dangling if they have no other fanouts. ;
; out_not[3..0] ; Input  ; Info     ; Stuck at GND                                                                                                                                                                       ;
; out_and       ; Input  ; Warning  ; Input port expression (32 bits) is wider than the input port (4 bits) it drives.  The 28 most-significant bit(s) in the expression will be dangling if they have no other fanouts. ;
; out_and[3..0] ; Input  ; Info     ; Stuck at GND                                                                                                                                                                       ;
; out_or        ; Input  ; Warning  ; Input port expression (32 bits) is wider than the input port (4 bits) it drives.  The 28 most-significant bit(s) in the expression will be dangling if they have no other fanouts. ;
; out_or[3..0]  ; Input  ; Info     ; Stuck at GND                                                                                                                                                                       ;
; out_xor       ; Input  ; Warning  ; Input port expression (32 bits) is wider than the input port (4 bits) it drives.  The 28 most-significant bit(s) in the expression will be dangling if they have no other fanouts. ;
; out_xor[3..0] ; Input  ; Info     ; Stuck at GND                                                                                                                                                                       ;
; out_right_ar  ; Input  ; Warning  ; Input port expression (1 bits) is smaller than the input port (4 bits) it drives.  Extra input bit(s) "out_right_ar[3..1]" will be connected to GND.                               ;
; out_right_lo  ; Input  ; Warning  ; Input port expression (1 bits) is smaller than the input port (4 bits) it drives.  Extra input bit(s) "out_right_lo[3..1]" will be connected to GND.                               ;
; out_left_ar   ; Input  ; Warning  ; Input port expression (1 bits) is smaller than the input port (4 bits) it drives.  Extra input bit(s) "out_left_ar[3..1]" will be connected to GND.                                ;
; out_left_lo   ; Input  ; Warning  ; Input port expression (1 bits) is smaller than the input port (4 bits) it drives.  Extra input bit(s) "out_left_lo[3..1]" will be connected to GND.                                ;
+---------------+--------+----------+------------------------------------------------------------------------------------------------------------------------------------------------------------------------------------+


+------------------------------------------------------------------------------------------------------------------------------------------------------------------------------------------------------------------------+
; Port Connectivity Checks: "mux_10to1:mux_zr_flag"                                                                                                                                                                      ;
+---------------+--------+----------+------------------------------------------------------------------------------------------------------------------------------------------------------------------------------------+
; Port          ; Type   ; Severity ; Details                                                                                                                                                                            ;
+---------------+--------+----------+------------------------------------------------------------------------------------------------------------------------------------------------------------------------------------+
; out_mux       ; Output ; Warning  ; Output or bidir port (4 bits) is wider than the port expression (1 bits) it drives; bit(s) "out_mux[3..1]" have no fanouts                                                         ;
; out_suma      ; Input  ; Warning  ; Input port expression (1 bits) is smaller than the input port (4 bits) it drives.  Extra input bit(s) "out_suma[3..1]" will be connected to GND.                                   ;
; out_rest      ; Input  ; Warning  ; Input port expression (1 bits) is smaller than the input port (4 bits) it drives.  Extra input bit(s) "out_rest[3..1]" will be connected to GND.                                   ;
; out_not       ; Input  ; Warning  ; Input port expression (32 bits) is wider than the input port (4 bits) it drives.  The 28 most-significant bit(s) in the expression will be dangling if they have no other fanouts. ;
; out_not[3..0] ; Input  ; Info     ; Stuck at GND                                                                                                                                                                       ;
; out_and       ; Input  ; Warning  ; Input port expression (32 bits) is wider than the input port (4 bits) it drives.  The 28 most-significant bit(s) in the expression will be dangling if they have no other fanouts. ;
; out_and[3..0] ; Input  ; Info     ; Stuck at GND                                                                                                                                                                       ;
; out_or        ; Input  ; Warning  ; Input port expression (32 bits) is wider than the input port (4 bits) it drives.  The 28 most-significant bit(s) in the expression will be dangling if they have no other fanouts. ;
; out_or[3..0]  ; Input  ; Info     ; Stuck at GND                                                                                                                                                                       ;
; out_xor       ; Input  ; Warning  ; Input port expression (32 bits) is wider than the input port (4 bits) it drives.  The 28 most-significant bit(s) in the expression will be dangling if they have no other fanouts. ;
; out_xor[3..0] ; Input  ; Info     ; Stuck at GND                                                                                                                                                                       ;
; out_right_ar  ; Input  ; Warning  ; Input port expression (1 bits) is smaller than the input port (4 bits) it drives.  Extra input bit(s) "out_right_ar[3..1]" will be connected to GND.                               ;
; out_right_lo  ; Input  ; Warning  ; Input port expression (1 bits) is smaller than the input port (4 bits) it drives.  Extra input bit(s) "out_right_lo[3..1]" will be connected to GND.                               ;
; out_left_ar   ; Input  ; Warning  ; Input port expression (1 bits) is smaller than the input port (4 bits) it drives.  Extra input bit(s) "out_left_ar[3..1]" will be connected to GND.                                ;
; out_left_lo   ; Input  ; Warning  ; Input port expression (1 bits) is smaller than the input port (4 bits) it drives.  Extra input bit(s) "out_left_lo[3..1]" will be connected to GND.                                ;
+---------------+--------+----------+------------------------------------------------------------------------------------------------------------------------------------------------------------------------------------+


+------------------------------------------------------------------------------------------------------------------------------------------------------------------------------------------------------------------------+
; Port Connectivity Checks: "mux_10to1:mux_neg_flag"                                                                                                                                                                     ;
+---------------+--------+----------+------------------------------------------------------------------------------------------------------------------------------------------------------------------------------------+
; Port          ; Type   ; Severity ; Details                                                                                                                                                                            ;
+---------------+--------+----------+------------------------------------------------------------------------------------------------------------------------------------------------------------------------------------+
; out_mux       ; Output ; Warning  ; Output or bidir port (4 bits) is wider than the port expression (1 bits) it drives; bit(s) "out_mux[3..1]" have no fanouts                                                         ;
; out_suma      ; Input  ; Warning  ; Input port expression (1 bits) is smaller than the input port (4 bits) it drives.  Extra input bit(s) "out_suma[3..1]" will be connected to GND.                                   ;
; out_rest      ; Input  ; Warning  ; Input port expression (1 bits) is smaller than the input port (4 bits) it drives.  Extra input bit(s) "out_rest[3..1]" will be connected to GND.                                   ;
; out_not       ; Input  ; Warning  ; Input port expression (32 bits) is wider than the input port (4 bits) it drives.  The 28 most-significant bit(s) in the expression will be dangling if they have no other fanouts. ;
; out_not[3..0] ; Input  ; Info     ; Stuck at GND                                                                                                                                                                       ;
; out_and       ; Input  ; Warning  ; Input port expression (32 bits) is wider than the input port (4 bits) it drives.  The 28 most-significant bit(s) in the expression will be dangling if they have no other fanouts. ;
; out_and[3..0] ; Input  ; Info     ; Stuck at GND                                                                                                                                                                       ;
; out_or        ; Input  ; Warning  ; Input port expression (32 bits) is wider than the input port (4 bits) it drives.  The 28 most-significant bit(s) in the expression will be dangling if they have no other fanouts. ;
; out_or[3..0]  ; Input  ; Info     ; Stuck at GND                                                                                                                                                                       ;
; out_xor       ; Input  ; Warning  ; Input port expression (32 bits) is wider than the input port (4 bits) it drives.  The 28 most-significant bit(s) in the expression will be dangling if they have no other fanouts. ;
; out_xor[3..0] ; Input  ; Info     ; Stuck at GND                                                                                                                                                                       ;
; out_right_ar  ; Input  ; Warning  ; Input port expression (1 bits) is smaller than the input port (4 bits) it drives.  Extra input bit(s) "out_right_ar[3..1]" will be connected to GND.                               ;
; out_right_lo  ; Input  ; Warning  ; Input port expression (1 bits) is smaller than the input port (4 bits) it drives.  Extra input bit(s) "out_right_lo[3..1]" will be connected to GND.                               ;
; out_left_ar   ; Input  ; Warning  ; Input port expression (1 bits) is smaller than the input port (4 bits) it drives.  Extra input bit(s) "out_left_ar[3..1]" will be connected to GND.                                ;
; out_left_lo   ; Input  ; Warning  ; Input port expression (1 bits) is smaller than the input port (4 bits) it drives.  Extra input bit(s) "out_left_lo[3..1]" will be connected to GND.                                ;
+---------------+--------+----------+------------------------------------------------------------------------------------------------------------------------------------------------------------------------------------+


+------------------------------------------------------------------------------------------------------------------------------------------------------------------------------------------------------------------+
; Port Connectivity Checks: "substractor_nbits:substractor|full_substractor:generate_N_bit_Adder[0].f"                                                                                                             ;
+----------+-------+----------+------------------------------------------------------------------------------------------------------------------------------------------------------------------------------------+
; Port     ; Type  ; Severity ; Details                                                                                                                                                                            ;
+----------+-------+----------+------------------------------------------------------------------------------------------------------------------------------------------------------------------------------------+
; c_in     ; Input ; Warning  ; Input port expression (32 bits) is wider than the input port (1 bits) it drives.  The 31 most-significant bit(s) in the expression will be dangling if they have no other fanouts. ;
; c_in[-1] ; Input ; Info     ; Stuck at GND                                                                                                                                                                       ;
+----------+-------+----------+------------------------------------------------------------------------------------------------------------------------------------------------------------------------------------+


+------------------------------------------------------------------------------------------------------------------------------------------------------------------------------------------------------------------+
; Port Connectivity Checks: "adder_nbits:adder|full_adder:generate_N_bit_Adder[0].f"                                                                                                                               ;
+----------+-------+----------+------------------------------------------------------------------------------------------------------------------------------------------------------------------------------------+
; Port     ; Type  ; Severity ; Details                                                                                                                                                                            ;
+----------+-------+----------+------------------------------------------------------------------------------------------------------------------------------------------------------------------------------------+
; c_in     ; Input ; Warning  ; Input port expression (32 bits) is wider than the input port (1 bits) it drives.  The 31 most-significant bit(s) in the expression will be dangling if they have no other fanouts. ;
; c_in[-1] ; Input ; Info     ; Stuck at GND                                                                                                                                                                       ;
+----------+-------+----------+------------------------------------------------------------------------------------------------------------------------------------------------------------------------------------+


+-----------------------------------------------------+
; Post-Synthesis Netlist Statistics for Top Partition ;
+-----------------------+-----------------------------+
; Type                  ; Count                       ;
+-----------------------+-----------------------------+
; arriav_lcell_comb     ; 44                          ;
;     extend            ; 2                           ;
;         7 data inputs ; 2                           ;
;     normal            ; 42                          ;
;         2 data inputs ; 5                           ;
;         3 data inputs ; 3                           ;
;         4 data inputs ; 13                          ;
;         5 data inputs ; 10                          ;
;         6 data inputs ; 11                          ;
; boundary_port         ; 27                          ;
;                       ;                             ;
; Max LUT depth         ; 4.00                        ;
; Average LUT depth     ; 3.57                        ;
+-----------------------+-----------------------------+


+-------------------------------+
; Elapsed Time Per Partition    ;
+----------------+--------------+
; Partition Name ; Elapsed Time ;
+----------------+--------------+
; Top            ; 00:00:00     ;
+----------------+--------------+


+-------------------------------+
; Analysis & Synthesis Messages ;
+-------------------------------+
Info: *******************************************************************
Info: Running Quartus Prime Analysis & Synthesis
    Info: Version 20.1.1 Build 720 11/11/2020 SJ Lite Edition
    Info: Processing started: Wed Mar 22 23:52:17 2023
Info: Command: quartus_map --read_settings_files=on --write_settings_files=off ALU -c ALU
Warning (18236): Number of processors has not been specified which may cause overloading on shared machines.  Set the global assignment NUM_PARALLEL_PROCESSORS in your QSF to an appropriate value for best performance.
Info (20030): Parallel compilation is enabled and will use 16 of the 16 processors detected
Info (12021): Found 1 design units, including 1 entities, in source file display_converter.sv
    Info (12023): Found entity 1: display_converter File: C:/Users/Joseff01/Documents/Git/drichmond_digital_design_lab_2023/lab3/Problema 1/display_converter.sv Line: 1
Info (12021): Found 1 design units, including 1 entities, in source file mux_10to1.sv
    Info (12023): Found entity 1: mux_10to1 File: C:/Users/Joseff01/Documents/Git/drichmond_digital_design_lab_2023/lab3/Problema 1/mux_10to1.sv Line: 1
Info (12021): Found 2 design units, including 2 entities, in source file xor_module.sv
    Info (12023): Found entity 1: xor_module File: C:/Users/Joseff01/Documents/Git/drichmond_digital_design_lab_2023/lab3/Problema 1/xor_module.sv Line: 1
    Info (12023): Found entity 2: xor_gate_single File: C:/Users/Joseff01/Documents/Git/drichmond_digital_design_lab_2023/lab3/Problema 1/xor_module.sv Line: 20
Info (12021): Found 2 design units, including 2 entities, in source file or_module.sv
    Info (12023): Found entity 1: or_module File: C:/Users/Joseff01/Documents/Git/drichmond_digital_design_lab_2023/lab3/Problema 1/or_module.sv Line: 1
    Info (12023): Found entity 2: or_gate_single File: C:/Users/Joseff01/Documents/Git/drichmond_digital_design_lab_2023/lab3/Problema 1/or_module.sv Line: 20
Info (12021): Found 2 design units, including 2 entities, in source file not_module.sv
    Info (12023): Found entity 1: not_module File: C:/Users/Joseff01/Documents/Git/drichmond_digital_design_lab_2023/lab3/Problema 1/not_module.sv Line: 1
    Info (12023): Found entity 2: not_gate_single File: C:/Users/Joseff01/Documents/Git/drichmond_digital_design_lab_2023/lab3/Problema 1/not_module.sv Line: 20
Info (12021): Found 2 design units, including 2 entities, in source file and_module.sv
    Info (12023): Found entity 1: and_module File: C:/Users/Joseff01/Documents/Git/drichmond_digital_design_lab_2023/lab3/Problema 1/and_module.sv Line: 1
    Info (12023): Found entity 2: and_gate_single File: C:/Users/Joseff01/Documents/Git/drichmond_digital_design_lab_2023/lab3/Problema 1/and_module.sv Line: 19
Info (12021): Found 1 design units, including 1 entities, in source file deco_2_4.sv
    Info (12023): Found entity 1: deco_2_3 File: C:/Users/Joseff01/Documents/Git/drichmond_digital_design_lab_2023/lab3/Problema 1/deco_2_4.sv Line: 1
Info (12021): Found 1 design units, including 1 entities, in source file adder_nbits.sv
    Info (12023): Found entity 1: adder_nbits File: C:/Users/Joseff01/Documents/Git/drichmond_digital_design_lab_2023/lab3/Problema 1/adder_nbits.sv Line: 1
Info (12021): Found 1 design units, including 1 entities, in source file alu.sv
    Info (12023): Found entity 1: ALU File: C:/Users/Joseff01/Documents/Git/drichmond_digital_design_lab_2023/lab3/Problema 1/ALU.sv Line: 1
Info (12021): Found 1 design units, including 1 entities, in source file full_adder.sv
    Info (12023): Found entity 1: full_adder File: C:/Users/Joseff01/Documents/Git/drichmond_digital_design_lab_2023/lab3/Problema 1/full_adder.sv Line: 1
Info (12021): Found 1 design units, including 1 entities, in source file full_substractor.sv
    Info (12023): Found entity 1: full_substractor File: C:/Users/Joseff01/Documents/Git/drichmond_digital_design_lab_2023/lab3/Problema 1/full_substractor.sv Line: 1
Info (12021): Found 1 design units, including 1 entities, in source file substractor_nbits.sv
    Info (12023): Found entity 1: substractor_nbits File: C:/Users/Joseff01/Documents/Git/drichmond_digital_design_lab_2023/lab3/Problema 1/substractor_nbits.sv Line: 1
Info (12021): Found 1 design units, including 1 entities, in source file shifter_nbits.sv
    Info (12023): Found entity 1: shifter_nbits File: C:/Users/Joseff01/Documents/Git/drichmond_digital_design_lab_2023/lab3/Problema 1/shifter_nbits.sv Line: 1
Info (12127): Elaborating entity "ALU" for the top level hierarchy
Info (12128): Elaborating entity "display_converter" for hierarchy "display_converter:hex_converter" File: C:/Users/Joseff01/Documents/Git/drichmond_digital_design_lab_2023/lab3/Problema 1/ALU.sv Line: 25
Info (12128): Elaborating entity "mux_10to1" for hierarchy "mux_10to1:muxresult" File: C:/Users/Joseff01/Documents/Git/drichmond_digital_design_lab_2023/lab3/Problema 1/ALU.sv Line: 27
Warning (10235): Verilog HDL Always Construct warning at mux_10to1.sv(8): variable "out_suma" is read inside the Always Construct but isn't in the Always Construct's Event Control File: C:/Users/Joseff01/Documents/Git/drichmond_digital_design_lab_2023/lab3/Problema 1/mux_10to1.sv Line: 8
Warning (10235): Verilog HDL Always Construct warning at mux_10to1.sv(9): variable "out_rest" is read inside the Always Construct but isn't in the Always Construct's Event Control File: C:/Users/Joseff01/Documents/Git/drichmond_digital_design_lab_2023/lab3/Problema 1/mux_10to1.sv Line: 9
Warning (10235): Verilog HDL Always Construct warning at mux_10to1.sv(10): variable "out_right_ar" is read inside the Always Construct but isn't in the Always Construct's Event Control File: C:/Users/Joseff01/Documents/Git/drichmond_digital_design_lab_2023/lab3/Problema 1/mux_10to1.sv Line: 10
Warning (10235): Verilog HDL Always Construct warning at mux_10to1.sv(11): variable "out_right_lo" is read inside the Always Construct but isn't in the Always Construct's Event Control File: C:/Users/Joseff01/Documents/Git/drichmond_digital_design_lab_2023/lab3/Problema 1/mux_10to1.sv Line: 11
Warning (10235): Verilog HDL Always Construct warning at mux_10to1.sv(12): variable "out_left_ar" is read inside the Always Construct but isn't in the Always Construct's Event Control File: C:/Users/Joseff01/Documents/Git/drichmond_digital_design_lab_2023/lab3/Problema 1/mux_10to1.sv Line: 12
Warning (10235): Verilog HDL Always Construct warning at mux_10to1.sv(13): variable "out_left_lo" is read inside the Always Construct but isn't in the Always Construct's Event Control File: C:/Users/Joseff01/Documents/Git/drichmond_digital_design_lab_2023/lab3/Problema 1/mux_10to1.sv Line: 13
Warning (10235): Verilog HDL Always Construct warning at mux_10to1.sv(14): variable "out_not" is read inside the Always Construct but isn't in the Always Construct's Event Control File: C:/Users/Joseff01/Documents/Git/drichmond_digital_design_lab_2023/lab3/Problema 1/mux_10to1.sv Line: 14
Warning (10235): Verilog HDL Always Construct warning at mux_10to1.sv(15): variable "out_and" is read inside the Always Construct but isn't in the Always Construct's Event Control File: C:/Users/Joseff01/Documents/Git/drichmond_digital_design_lab_2023/lab3/Problema 1/mux_10to1.sv Line: 15
Warning (10235): Verilog HDL Always Construct warning at mux_10to1.sv(16): variable "out_or" is read inside the Always Construct but isn't in the Always Construct's Event Control File: C:/Users/Joseff01/Documents/Git/drichmond_digital_design_lab_2023/lab3/Problema 1/mux_10to1.sv Line: 16
Warning (10235): Verilog HDL Always Construct warning at mux_10to1.sv(17): variable "out_xor" is read inside the Always Construct but isn't in the Always Construct's Event Control File: C:/Users/Joseff01/Documents/Git/drichmond_digital_design_lab_2023/lab3/Problema 1/mux_10to1.sv Line: 17
Warning (10235): Verilog HDL Always Construct warning at mux_10to1.sv(18): variable "out_suma" is read inside the Always Construct but isn't in the Always Construct's Event Control File: C:/Users/Joseff01/Documents/Git/drichmond_digital_design_lab_2023/lab3/Problema 1/mux_10to1.sv Line: 18
Info (12128): Elaborating entity "adder_nbits" for hierarchy "adder_nbits:adder" File: C:/Users/Joseff01/Documents/Git/drichmond_digital_design_lab_2023/lab3/Problema 1/ALU.sv Line: 32
Warning (10230): Verilog HDL assignment warning at adder_nbits.sv(28): truncated value with size 32 to match size of target (1) File: C:/Users/Joseff01/Documents/Git/drichmond_digital_design_lab_2023/lab3/Problema 1/adder_nbits.sv Line: 28
Warning (10230): Verilog HDL assignment warning at adder_nbits.sv(31): truncated value with size 32 to match size of target (1) File: C:/Users/Joseff01/Documents/Git/drichmond_digital_design_lab_2023/lab3/Problema 1/adder_nbits.sv Line: 31
Info (12128): Elaborating entity "full_adder" for hierarchy "adder_nbits:adder|full_adder:generate_N_bit_Adder[0].f" File: C:/Users/Joseff01/Documents/Git/drichmond_digital_design_lab_2023/lab3/Problema 1/adder_nbits.sv Line: 23
Info (12128): Elaborating entity "substractor_nbits" for hierarchy "substractor_nbits:substractor" File: C:/Users/Joseff01/Documents/Git/drichmond_digital_design_lab_2023/lab3/Problema 1/ALU.sv Line: 33
Warning (10230): Verilog HDL assignment warning at substractor_nbits.sv(28): truncated value with size 32 to match size of target (1) File: C:/Users/Joseff01/Documents/Git/drichmond_digital_design_lab_2023/lab3/Problema 1/substractor_nbits.sv Line: 28
Warning (10230): Verilog HDL assignment warning at substractor_nbits.sv(31): truncated value with size 32 to match size of target (1) File: C:/Users/Joseff01/Documents/Git/drichmond_digital_design_lab_2023/lab3/Problema 1/substractor_nbits.sv Line: 31
Info (12128): Elaborating entity "full_substractor" for hierarchy "substractor_nbits:substractor|full_substractor:generate_N_bit_Adder[0].f" File: C:/Users/Joseff01/Documents/Git/drichmond_digital_design_lab_2023/lab3/Problema 1/substractor_nbits.sv Line: 23
Info (12128): Elaborating entity "not_module" for hierarchy "not_module:notmodule" File: C:/Users/Joseff01/Documents/Git/drichmond_digital_design_lab_2023/lab3/Problema 1/ALU.sv Line: 34
Info (12128): Elaborating entity "not_gate_single" for hierarchy "not_module:notmodule|not_gate_single:generate_bit_to_bit[0].notgate" File: C:/Users/Joseff01/Documents/Git/drichmond_digital_design_lab_2023/lab3/Problema 1/not_module.sv Line: 11
Info (12128): Elaborating entity "and_module" for hierarchy "and_module:andmodule" File: C:/Users/Joseff01/Documents/Git/drichmond_digital_design_lab_2023/lab3/Problema 1/ALU.sv Line: 35
Info (12128): Elaborating entity "and_gate_single" for hierarchy "and_module:andmodule|and_gate_single:generate_bit_to_bit[0].gateand" File: C:/Users/Joseff01/Documents/Git/drichmond_digital_design_lab_2023/lab3/Problema 1/and_module.sv Line: 11
Info (12128): Elaborating entity "or_module" for hierarchy "or_module:ormodule" File: C:/Users/Joseff01/Documents/Git/drichmond_digital_design_lab_2023/lab3/Problema 1/ALU.sv Line: 36
Info (12128): Elaborating entity "or_gate_single" for hierarchy "or_module:ormodule|or_gate_single:generate_bit_to_bit[0].gateor" File: C:/Users/Joseff01/Documents/Git/drichmond_digital_design_lab_2023/lab3/Problema 1/or_module.sv Line: 11
Info (12128): Elaborating entity "xor_module" for hierarchy "xor_module:xormodule" File: C:/Users/Joseff01/Documents/Git/drichmond_digital_design_lab_2023/lab3/Problema 1/ALU.sv Line: 37
Info (12128): Elaborating entity "xor_gate_single" for hierarchy "xor_module:xormodule|xor_gate_single:generate_bit_to_bit[0].gatexor" File: C:/Users/Joseff01/Documents/Git/drichmond_digital_design_lab_2023/lab3/Problema 1/xor_module.sv Line: 11
Info (12128): Elaborating entity "shifter_nbits" for hierarchy "shifter_nbits:shifter" File: C:/Users/Joseff01/Documents/Git/drichmond_digital_design_lab_2023/lab3/Problema 1/ALU.sv Line: 39
Warning (10230): Verilog HDL assignment warning at shifter_nbits.sv(52): truncated value with size 32 to match size of target (1) File: C:/Users/Joseff01/Documents/Git/drichmond_digital_design_lab_2023/lab3/Problema 1/shifter_nbits.sv Line: 52
Info (12128): Elaborating entity "deco_2_3" for hierarchy "shifter_nbits:shifter|deco_2_3:deco" File: C:/Users/Joseff01/Documents/Git/drichmond_digital_design_lab_2023/lab3/Problema 1/shifter_nbits.sv Line: 24
Warning (12241): 6 hierarchies have connectivity warnings - see the Connectivity Checks report folder
Info (286030): Timing-Driven Synthesis is running
Info (16010): Generating hard_block partition "hard_block:auto_generated_inst"
    Info (16011): Adding 0 node(s), including 0 DDIO, 0 PLL, 0 transceiver and 0 LCELL
Info (21057): Implemented 71 device resources after synthesis - the final resource count might be different
    Info (21058): Implemented 12 input pins
    Info (21059): Implemented 15 output pins
    Info (21061): Implemented 44 logic cells
Info: Quartus Prime Analysis & Synthesis was successful. 0 errors, 18 warnings
    Info: Peak virtual memory: 4835 megabytes
    Info: Processing ended: Wed Mar 22 23:52:24 2023
    Info: Elapsed time: 00:00:07
    Info: Total CPU time (on all processors): 00:00:09


