Flow report for countdown_nbits
<<<<<<< Updated upstream
Thu Mar 02 10:53:55 2023
=======
Mon Mar 06 22:15:05 2023
>>>>>>> Stashed changes
Quartus Prime Version 20.1.1 Build 720 11/11/2020 SJ Lite Edition


---------------------
; Table of Contents ;
---------------------
  1. Legal Notice
  2. Flow Summary
  3. Flow Settings
  4. Flow Non-Default Global Settings
  5. Flow Elapsed Time
  6. Flow OS Summary
  7. Flow Log
  8. Flow Messages
  9. Flow Suppressed Messages



----------------
; Legal Notice ;
----------------
Copyright (C) 2020  Intel Corporation. All rights reserved.
Your use of Intel Corporation's design tools, logic functions 
and other software and tools, and any partner logic 
functions, and any output files from any of the foregoing 
(including device programming or simulation files), and any 
associated documentation or information are expressly subject 
to the terms and conditions of the Intel Program License 
Subscription Agreement, the Intel Quartus Prime License Agreement,
the Intel FPGA IP License Agreement, or other applicable license
agreement, including, without limitation, that your use is for
the sole purpose of programming logic devices manufactured by
Intel and sold by Intel or its authorized distributors.  Please
refer to the applicable agreement for further details, at
https://fpgasoftware.intel.com/eula.



<<<<<<< Updated upstream
+---------------------------------------------------------------------------+
; Flow Summary                                                              ;
+-----------------------------+---------------------------------------------+
; Flow Status                 ; Flow Failed - Thu Mar 02 10:53:55 2023      ;
; Quartus Prime Version       ; 20.1.1 Build 720 11/11/2020 SJ Lite Edition ;
; Revision Name               ; countdown_nbits                             ;
; Top-level Entity Name       ; countdown_nbits                             ;
; Family                      ; Cyclone V                                   ;
; Device                      ; 5CGXFC7C7F23C8                              ;
; Timing Models               ; Final                                       ;
; Logic utilization (in ALMs) ; N/A until Partition Merge                   ;
; Total registers             ; N/A until Partition Merge                   ;
; Total pins                  ; N/A until Partition Merge                   ;
; Total virtual pins          ; N/A until Partition Merge                   ;
; Total block memory bits     ; N/A until Partition Merge                   ;
; Total PLLs                  ; N/A until Partition Merge                   ;
; Total DLLs                  ; N/A until Partition Merge                   ;
+-----------------------------+---------------------------------------------+
=======
+-------------------------------------------------------------------------------+
; Flow Summary                                                                  ;
+---------------------------------+---------------------------------------------+
; Flow Status                     ; Successful - Mon Mar 06 22:15:05 2023       ;
; Quartus Prime Version           ; 20.1.1 Build 720 11/11/2020 SJ Lite Edition ;
; Revision Name                   ; countdown_nbits                             ;
; Top-level Entity Name           ; countdown_nbits                             ;
; Family                          ; Cyclone V                                   ;
; Device                          ; 5CSEMA5F31C6                                ;
; Timing Models                   ; Final                                       ;
; Logic utilization (in ALMs)     ; 6 / 32,070 ( < 1 % )                        ;
; Total registers                 ; 20                                          ;
; Total pins                      ; 22 / 457 ( 5 % )                            ;
; Total virtual pins              ; 0                                           ;
; Total block memory bits         ; 0 / 4,065,280 ( 0 % )                       ;
; Total DSP Blocks                ; 0 / 87 ( 0 % )                              ;
; Total HSSI RX PCSs              ; 0                                           ;
; Total HSSI PMA RX Deserializers ; 0                                           ;
; Total HSSI TX PCSs              ; 0                                           ;
; Total HSSI PMA TX Serializers   ; 0                                           ;
; Total PLLs                      ; 0 / 6 ( 0 % )                               ;
; Total DLLs                      ; 0 / 4 ( 0 % )                               ;
+---------------------------------+---------------------------------------------+
>>>>>>> Stashed changes


+-----------------------------------------+
; Flow Settings                           ;
+-------------------+---------------------+
; Option            ; Setting             ;
+-------------------+---------------------+
<<<<<<< Updated upstream
; Start date & time ; 03/02/2023 10:53:46 ;
=======
; Start date & time ; 03/06/2023 22:13:34 ;
>>>>>>> Stashed changes
; Main task         ; Compilation         ;
; Revision Name     ; countdown_nbits     ;
+-------------------+---------------------+


+-------------------------------------------------------------------------------------------------------------------------------------------------+
; Flow Non-Default Global Settings                                                                                                                ;
+--------------------------------------+----------------------------------------+---------------+-------------+-----------------------------------+
; Assignment Name                      ; Value                                  ; Default Value ; Entity Name ; Section Id                        ;
+--------------------------------------+----------------------------------------+---------------+-------------+-----------------------------------+
<<<<<<< Updated upstream
; COMPILER_SIGNATURE_ID                ; 150241222109898.167777602613544        ; --            ; --          ; --                                ;
=======
; COMPILER_SIGNATURE_ID                ; 5311882514389.167816241321544          ; --            ; --          ; --                                ;
>>>>>>> Stashed changes
; EDA_DESIGN_INSTANCE_NAME             ; NA                                     ; --            ; --          ; countdown_nbits_tb                ;
; EDA_GENERATE_FUNCTIONAL_NETLIST      ; Off                                    ; --            ; --          ; eda_board_design_timing           ;
; EDA_GENERATE_FUNCTIONAL_NETLIST      ; Off                                    ; --            ; --          ; eda_board_design_boundary_scan    ;
; EDA_GENERATE_FUNCTIONAL_NETLIST      ; Off                                    ; --            ; --          ; eda_board_design_signal_integrity ;
; EDA_GENERATE_FUNCTIONAL_NETLIST      ; Off                                    ; --            ; --          ; eda_board_design_symbol           ;
; EDA_NATIVELINK_SIMULATION_TEST_BENCH ; countdown_nbits_tb                     ; --            ; --          ; eda_simulation                    ;
; EDA_OUTPUT_DATA_FORMAT               ; Verilog Hdl                            ; --            ; --          ; eda_simulation                    ;
; EDA_SIMULATION_TOOL                  ; ModelSim (Verilog)                     ; <None>        ; --          ; --                                ;
; EDA_TEST_BENCH_ENABLE_STATUS         ; TEST_BENCH_MODE                        ; --            ; --          ; eda_simulation                    ;
; EDA_TEST_BENCH_FILE                  ; countdown_nbits_tb.sv                  ; --            ; --          ; countdown_nbits_tb                ;
; EDA_TEST_BENCH_MODULE_NAME           ; countdown_nbits_tb                     ; --            ; --          ; countdown_nbits_tb                ;
; EDA_TEST_BENCH_NAME                  ; countdown_nbits_tb                     ; --            ; --          ; eda_simulation                    ;
; EDA_TIME_SCALE                       ; 1 ps                                   ; --            ; --          ; eda_simulation                    ;
; MAX_CORE_JUNCTION_TEMP               ; 85                                     ; --            ; --          ; --                                ;
; MIN_CORE_JUNCTION_TEMP               ; 0                                      ; --            ; --          ; --                                ;
; PARTITION_COLOR                      ; -- (Not supported for targeted family) ; --            ; --          ; Top                               ;
; PARTITION_FITTER_PRESERVATION_LEVEL  ; -- (Not supported for targeted family) ; --            ; --          ; Top                               ;
; PARTITION_NETLIST_TYPE               ; -- (Not supported for targeted family) ; --            ; --          ; Top                               ;
; POWER_BOARD_THERMAL_MODEL            ; None (CONSERVATIVE)                    ; --            ; --          ; --                                ;
; POWER_PRESET_COOLING_SOLUTION        ; 23 MM HEAT SINK WITH 200 LFPM AIRFLOW  ; --            ; --          ; --                                ;
; PROJECT_OUTPUT_DIRECTORY             ; output_files                           ; --            ; --          ; --                                ;
+--------------------------------------+----------------------------------------+---------------+-------------+-----------------------------------+


+--------------------------------------------------------------------------------------------------------------------------+
; Flow Elapsed Time                                                                                                        ;
+----------------------+--------------+-------------------------+---------------------+------------------------------------+
; Module Name          ; Elapsed Time ; Average Processors Used ; Peak Virtual Memory ; Total CPU Time (on all processors) ;
+----------------------+--------------+-------------------------+---------------------+------------------------------------+
<<<<<<< Updated upstream
; Analysis & Synthesis ; 00:00:10     ; 1.0                     ; 4767 MB             ; 00:00:11                           ;
; Total                ; 00:00:10     ; --                      ; --                  ; 00:00:11                           ;
=======
; Analysis & Synthesis ; 00:00:12     ; 1.0                     ; 4846 MB             ; 00:00:11                           ;
; Fitter               ; 00:00:53     ; 1.0                     ; 6757 MB             ; 00:00:35                           ;
; Assembler            ; 00:00:10     ; 1.0                     ; 4833 MB             ; 00:00:04                           ;
; Timing Analyzer      ; 00:00:07     ; 1.0                     ; 5164 MB             ; 00:00:03                           ;
; EDA Netlist Writer   ; 00:00:01     ; 1.0                     ; 4725 MB             ; 00:00:01                           ;
; Total                ; 00:01:23     ; --                      ; --                  ; 00:00:54                           ;
>>>>>>> Stashed changes
+----------------------+--------------+-------------------------+---------------------+------------------------------------+


+------------------------------------------------------------------------------------+
; Flow OS Summary                                                                    ;
+----------------------+------------------+------------+------------+----------------+
; Module Name          ; Machine Hostname ; OS Name    ; OS Version ; Processor type ;
+----------------------+------------------+------------+------------+----------------+
<<<<<<< Updated upstream
; Analysis & Synthesis ; LAPTOP-DBQ7SAL4  ; Windows 10 ; 10.0       ; x86_64         ;
=======
; Analysis & Synthesis ; LAPTOP-NC9N754L  ; Windows 10 ; 10.0       ; x86_64         ;
; Fitter               ; LAPTOP-NC9N754L  ; Windows 10 ; 10.0       ; x86_64         ;
; Assembler            ; LAPTOP-NC9N754L  ; Windows 10 ; 10.0       ; x86_64         ;
; Timing Analyzer      ; LAPTOP-NC9N754L  ; Windows 10 ; 10.0       ; x86_64         ;
; EDA Netlist Writer   ; LAPTOP-NC9N754L  ; Windows 10 ; 10.0       ; x86_64         ;
>>>>>>> Stashed changes
+----------------------+------------------+------------+------------+----------------+


------------
; Flow Log ;
------------
quartus_map --read_settings_files=on --write_settings_files=off CountdownNBits -c countdown_nbits
<<<<<<< Updated upstream
=======
quartus_fit --read_settings_files=off --write_settings_files=off CountdownNBits -c countdown_nbits
quartus_asm --read_settings_files=off --write_settings_files=off CountdownNBits -c countdown_nbits
quartus_sta CountdownNBits -c countdown_nbits
quartus_eda --read_settings_files=off --write_settings_files=off CountdownNBits -c countdown_nbits
>>>>>>> Stashed changes



