Flow report for 2048_game_top_module
Tue May 09 04:45:29 2023
Quartus Prime Version 20.1.1 Build 720 11/11/2020 SJ Lite Edition


---------------------
; Table of Contents ;
---------------------
  1. Legal Notice
  2. Flow Summary
  3. Flow Settings
  4. Flow Non-Default Global Settings
  5. Flow Elapsed Time
  6. Flow OS Summary
  7. Flow Log
  8. Flow Messages
  9. Flow Suppressed Messages



----------------
; Legal Notice ;
----------------
Copyright (C) 2020  Intel Corporation. All rights reserved.
Your use of Intel Corporation's design tools, logic functions 
and other software and tools, and any partner logic 
functions, and any output files from any of the foregoing 
(including device programming or simulation files), and any 
associated documentation or information are expressly subject 
to the terms and conditions of the Intel Program License 
Subscription Agreement, the Intel Quartus Prime License Agreement,
the Intel FPGA IP License Agreement, or other applicable license
agreement, including, without limitation, that your use is for
the sole purpose of programming logic devices manufactured by
Intel and sold by Intel or its authorized distributors.  Please
refer to the applicable agreement for further details, at
https://fpgasoftware.intel.com/eula.



+-------------------------------------------------------------------------------+
; Flow Summary                                                                  ;
+---------------------------------+---------------------------------------------+
; Flow Status                     ; Successful - Tue May 09 04:45:29 2023       ;
; Quartus Prime Version           ; 20.1.1 Build 720 11/11/2020 SJ Lite Edition ;
; Revision Name                   ; 2048_game_top_module                        ;
; Top-level Entity Name           ; game_2048_top_module                        ;
; Family                          ; Cyclone V                                   ;
; Device                          ; 5CSEMA5F31C6                                ;
; Timing Models                   ; Final                                       ;
; Logic utilization (in ALMs)     ; 2,902 / 32,070 ( 9 % )                      ;
; Total registers                 ; 292                                         ;
; Total pins                      ; 40 / 457 ( 9 % )                            ;
; Total virtual pins              ; 0                                           ;
; Total block memory bits         ; 0 / 4,065,280 ( 0 % )                       ;
; Total DSP Blocks                ; 0 / 87 ( 0 % )                              ;
; Total HSSI RX PCSs              ; 0                                           ;
; Total HSSI PMA RX Deserializers ; 0                                           ;
; Total HSSI TX PCSs              ; 0                                           ;
; Total HSSI PMA TX Serializers   ; 0                                           ;
; Total PLLs                      ; 0 / 6 ( 0 % )                               ;
; Total DLLs                      ; 0 / 4 ( 0 % )                               ;
+---------------------------------+---------------------------------------------+


+------------------------------------------+
; Flow Settings                            ;
+-------------------+----------------------+
; Option            ; Setting              ;
+-------------------+----------------------+
; Start date & time ; 05/09/2023 04:40:26  ;
; Main task         ; Compilation          ;
; Revision Name     ; 2048_game_top_module ;
+-------------------+----------------------+


+-----------------------------------------------------------------------------------------------------------------------------------------------------------------+
; Flow Non-Default Global Settings                                                                                                                                ;
+--------------------------------------+----------------------------------------+----------------------+----------------------+-----------------------------------+
; Assignment Name                      ; Value                                  ; Default Value        ; Entity Name          ; Section Id                        ;
+--------------------------------------+----------------------------------------+----------------------+----------------------+-----------------------------------+
; COMPILER_SIGNATURE_ID                ; 5311882514389.168362882611188          ; --                   ; --                   ; --                                ;
; EDA_DESIGN_INSTANCE_NAME             ; NA                                     ; --                   ; --                   ; logic_Module_tb                   ;
; EDA_DESIGN_INSTANCE_NAME             ; NA                                     ; --                   ; --                   ; reset_tb                          ;
; EDA_DESIGN_INSTANCE_NAME             ; NA                                     ; --                   ; --                   ; win_tb                            ;
; EDA_DESIGN_INSTANCE_NAME             ; NA                                     ; --                   ; --                   ; maquina_Estados_tb                ;
; EDA_DESIGN_INSTANCE_NAME             ; NA                                     ; --                   ; --                   ; right_slide_tb                    ;
; EDA_DESIGN_INSTANCE_NAME             ; NA                                     ; --                   ; --                   ; have_move_tb                      ;
; EDA_DESIGN_INSTANCE_NAME             ; NA                                     ; --                   ; --                   ; check_matrix_full_tb              ;
; EDA_DESIGN_INSTANCE_NAME             ; NA                                     ; --                   ; --                   ; up_slide_tb                       ;
; EDA_GENERATE_FUNCTIONAL_NETLIST      ; Off                                    ; --                   ; --                   ; eda_board_design_timing           ;
; EDA_GENERATE_FUNCTIONAL_NETLIST      ; Off                                    ; --                   ; --                   ; eda_board_design_boundary_scan    ;
; EDA_GENERATE_FUNCTIONAL_NETLIST      ; Off                                    ; --                   ; --                   ; eda_board_design_signal_integrity ;
; EDA_GENERATE_FUNCTIONAL_NETLIST      ; Off                                    ; --                   ; --                   ; eda_board_design_symbol           ;
; EDA_NATIVELINK_SIMULATION_TEST_BENCH ; logic_Module_tb                        ; --                   ; --                   ; eda_simulation                    ;
; EDA_OUTPUT_DATA_FORMAT               ; Verilog Hdl                            ; --                   ; --                   ; eda_simulation                    ;
; EDA_SIMULATION_TOOL                  ; ModelSim-Altera (Verilog)              ; <None>               ; --                   ; --                                ;
; EDA_TEST_BENCH_ENABLE_STATUS         ; TEST_BENCH_MODE                        ; --                   ; --                   ; eda_simulation                    ;
; EDA_TEST_BENCH_FILE                  ; logic_Module_tb.sv                     ; --                   ; --                   ; logic_Module_tb                   ;
; EDA_TEST_BENCH_FILE                  ; reset_tb.sv                            ; --                   ; --                   ; reset_tb                          ;
; EDA_TEST_BENCH_FILE                  ; win_tb.sv                              ; --                   ; --                   ; win_tb                            ;
; EDA_TEST_BENCH_FILE                  ; maquina_Estados_tb.sv                  ; --                   ; --                   ; maquina_Estados_tb                ;
; EDA_TEST_BENCH_FILE                  ; right_slide_tb.sv                      ; --                   ; --                   ; right_slide_tb                    ;
; EDA_TEST_BENCH_FILE                  ; have_move_tb.sv                        ; --                   ; --                   ; have_move_tb                      ;
; EDA_TEST_BENCH_FILE                  ; check_matrix_full_tb.sv                ; --                   ; --                   ; check_matrix_full_tb              ;
; EDA_TEST_BENCH_FILE                  ; up_slide_tb.sv                         ; --                   ; --                   ; up_slide_tb                       ;
; EDA_TEST_BENCH_MODULE_NAME           ; logic_Module_tb                        ; --                   ; --                   ; logic_Module_tb                   ;
; EDA_TEST_BENCH_MODULE_NAME           ; reset_tb                               ; --                   ; --                   ; reset_tb                          ;
; EDA_TEST_BENCH_MODULE_NAME           ; win_tb                                 ; --                   ; --                   ; win_tb                            ;
; EDA_TEST_BENCH_MODULE_NAME           ; maquina_Estados_tb                     ; --                   ; --                   ; maquina_Estados_tb                ;
; EDA_TEST_BENCH_MODULE_NAME           ; right_slide_tb                         ; --                   ; --                   ; right_slide_tb                    ;
; EDA_TEST_BENCH_MODULE_NAME           ; have_move_tb                           ; --                   ; --                   ; have_move_tb                      ;
; EDA_TEST_BENCH_MODULE_NAME           ; check_matrix_full_tb                   ; --                   ; --                   ; check_matrix_full_tb              ;
; EDA_TEST_BENCH_MODULE_NAME           ; up_slide_tb                            ; --                   ; --                   ; up_slide_tb                       ;
; EDA_TEST_BENCH_NAME                  ; up_slide_tb                            ; --                   ; --                   ; eda_simulation                    ;
; EDA_TEST_BENCH_NAME                  ; maquina_Estados_tb                     ; --                   ; --                   ; eda_simulation                    ;
; EDA_TEST_BENCH_NAME                  ; reset_tb                               ; --                   ; --                   ; eda_simulation                    ;
; EDA_TEST_BENCH_NAME                  ; right_slide_tb                         ; --                   ; --                   ; eda_simulation                    ;
; EDA_TEST_BENCH_NAME                  ; check_matrix_full_tb                   ; --                   ; --                   ; eda_simulation                    ;
; EDA_TEST_BENCH_NAME                  ; have_move_tb                           ; --                   ; --                   ; eda_simulation                    ;
; EDA_TEST_BENCH_NAME                  ; win_tb                                 ; --                   ; --                   ; eda_simulation                    ;
; EDA_TEST_BENCH_NAME                  ; logic_Module_tb                        ; --                   ; --                   ; eda_simulation                    ;
; EDA_TIME_SCALE                       ; 1 ps                                   ; --                   ; --                   ; eda_simulation                    ;
; MAX_CORE_JUNCTION_TEMP               ; 85                                     ; --                   ; --                   ; --                                ;
; MIN_CORE_JUNCTION_TEMP               ; 0                                      ; --                   ; --                   ; --                                ;
; PARTITION_COLOR                      ; -- (Not supported for targeted family) ; --                   ; game_2048_top_module ; Top                               ;
; PARTITION_FITTER_PRESERVATION_LEVEL  ; -- (Not supported for targeted family) ; --                   ; game_2048_top_module ; Top                               ;
; PARTITION_NETLIST_TYPE               ; -- (Not supported for targeted family) ; --                   ; game_2048_top_module ; Top                               ;
; POWER_BOARD_THERMAL_MODEL            ; None (CONSERVATIVE)                    ; --                   ; --                   ; --                                ;
; POWER_PRESET_COOLING_SOLUTION        ; 23 MM HEAT SINK WITH 200 LFPM AIRFLOW  ; --                   ; --                   ; --                                ;
; PROJECT_OUTPUT_DIRECTORY             ; output_files                           ; --                   ; --                   ; --                                ;
; TOP_LEVEL_ENTITY                     ; game_2048_top_module                   ; 2048_game_top_module ; --                   ; --                                ;
+--------------------------------------+----------------------------------------+----------------------+----------------------+-----------------------------------+


+--------------------------------------------------------------------------------------------------------------------------+
; Flow Elapsed Time                                                                                                        ;
+----------------------+--------------+-------------------------+---------------------+------------------------------------+
; Module Name          ; Elapsed Time ; Average Processors Used ; Peak Virtual Memory ; Total CPU Time (on all processors) ;
+----------------------+--------------+-------------------------+---------------------+------------------------------------+
; Analysis & Synthesis ; 00:00:38     ; 1.0                     ; 4903 MB             ; 00:00:33                           ;
; Fitter               ; 00:03:58     ; 1.1                     ; 6760 MB             ; 00:03:15                           ;
; Assembler            ; 00:00:08     ; 1.0                     ; 4876 MB             ; 00:00:05                           ;
; Timing Analyzer      ; 00:00:10     ; 2.7                     ; 5225 MB             ; 00:00:16                           ;
; EDA Netlist Writer   ; 00:00:02     ; 1.0                     ; 4756 MB             ; 00:00:01                           ;
; Total                ; 00:04:56     ; --                      ; --                  ; 00:04:10                           ;
+----------------------+--------------+-------------------------+---------------------+------------------------------------+


+------------------------------------------------------------------------------------+
; Flow OS Summary                                                                    ;
+----------------------+------------------+------------+------------+----------------+
; Module Name          ; Machine Hostname ; OS Name    ; OS Version ; Processor type ;
+----------------------+------------------+------------+------------+----------------+
; Analysis & Synthesis ; SergioROG        ; Windows 10 ; 10.0       ; x86_64         ;
; Fitter               ; SergioROG        ; Windows 10 ; 10.0       ; x86_64         ;
; Assembler            ; SergioROG        ; Windows 10 ; 10.0       ; x86_64         ;
; Timing Analyzer      ; SergioROG        ; Windows 10 ; 10.0       ; x86_64         ;
; EDA Netlist Writer   ; SergioROG        ; Windows 10 ; 10.0       ; x86_64         ;
+----------------------+------------------+------------+------------+----------------+


------------
; Flow Log ;
------------
quartus_map --read_settings_files=on --write_settings_files=off 2048_game -c 2048_game_top_module
quartus_fit --read_settings_files=off --write_settings_files=off 2048_game -c 2048_game_top_module
quartus_asm --read_settings_files=off --write_settings_files=off 2048_game -c 2048_game_top_module
quartus_sta 2048_game -c 2048_game_top_module
quartus_eda --read_settings_files=off --write_settings_files=off 2048_game -c 2048_game_top_module



