Analysis & Elaboration report for 2048_game_top_module
Tue May 09 01:46:40 2023
Quartus Prime Version 20.1.1 Build 720 11/11/2020 SJ Lite Edition


---------------------
; Table of Contents ;
---------------------
  1. Legal Notice
  2. Analysis & Elaboration Summary
  3. Parallel Compilation
  4. Analysis & Elaboration Settings
  5. Analysis & Elaboration Messages



----------------
; Legal Notice ;
----------------
Copyright (C) 2020  Intel Corporation. All rights reserved.
Your use of Intel Corporation's design tools, logic functions 
and other software and tools, and any partner logic 
functions, and any output files from any of the foregoing 
(including device programming or simulation files), and any 
associated documentation or information are expressly subject 
to the terms and conditions of the Intel Program License 
Subscription Agreement, the Intel Quartus Prime License Agreement,
the Intel FPGA IP License Agreement, or other applicable license
agreement, including, without limitation, that your use is for
the sole purpose of programming logic devices manufactured by
Intel and sold by Intel or its authorized distributors.  Please
refer to the applicable agreement for further details, at
https://fpgasoftware.intel.com/eula.



+-----------------------------------------------------------------------------+
; Analysis & Elaboration Summary                                              ;
+-------------------------------+---------------------------------------------+
; Analysis & Elaboration Status ; Successful - Tue May 09 01:46:40 2023       ;
; Quartus Prime Version         ; 20.1.1 Build 720 11/11/2020 SJ Lite Edition ;
; Revision Name                 ; 2048_game_top_module                        ;
; Top-level Entity Name         ; logic_Module                                ;
; Family                        ; Cyclone V                                   ;
; Logic utilization (in ALMs)   ; N/A until Partition Merge                   ;
; Total registers               ; N/A until Partition Merge                   ;
; Total pins                    ; N/A until Partition Merge                   ;
; Total virtual pins            ; N/A until Partition Merge                   ;
; Total block memory bits       ; N/A until Partition Merge                   ;
; Total PLLs                    ; N/A until Partition Merge                   ;
; Total DLLs                    ; N/A until Partition Merge                   ;
+-------------------------------+---------------------------------------------+


+------------------------------------------+
; Parallel Compilation                     ;
+----------------------------+-------------+
; Processors                 ; Number      ;
+----------------------------+-------------+
; Number detected on machine ; 16          ;
; Maximum allowed            ; 16          ;
;                            ;             ;
; Average used               ; 1.00        ;
; Maximum used               ; 1           ;
;                            ;             ;
; Usage by Processor         ; % Time Used ;
;     Processor 1            ; 100.0%      ;
+----------------------------+-------------+


+-----------------------------------------------------------------------------------------------------------------------------+
; Analysis & Elaboration Settings                                                                                             ;
+---------------------------------------------------------------------------------+--------------------+----------------------+
; Option                                                                          ; Setting            ; Default Value        ;
+---------------------------------------------------------------------------------+--------------------+----------------------+
; Device                                                                          ; 5CGXFC7C7F23C8     ;                      ;
; Top-level entity name                                                           ; logic_Module       ; 2048_game_top_module ;
; Family name                                                                     ; Cyclone V          ; Cyclone V            ;
; Use smart compilation                                                           ; Off                ; Off                  ;
; Enable parallel Assembler and Timing Analyzer during compilation                ; On                 ; On                   ;
; Enable compact report table                                                     ; Off                ; Off                  ;
; Restructure Multiplexers                                                        ; Auto               ; Auto                 ;
; MLAB Add Timing Constraints For Mixed-Port Feed-Through Mode Setting Don't Care ; Off                ; Off                  ;
; Create Debugging Nodes for IP Cores                                             ; Off                ; Off                  ;
; Preserve fewer node names                                                       ; On                 ; On                   ;
; Intel FPGA IP Evaluation Mode                                                   ; Enable             ; Enable               ;
; Verilog Version                                                                 ; Verilog_2001       ; Verilog_2001         ;
; VHDL Version                                                                    ; VHDL_1993          ; VHDL_1993            ;
; State Machine Processing                                                        ; Auto               ; Auto                 ;
; Safe State Machine                                                              ; Off                ; Off                  ;
; Extract Verilog State Machines                                                  ; On                 ; On                   ;
; Extract VHDL State Machines                                                     ; On                 ; On                   ;
; Ignore Verilog initial constructs                                               ; Off                ; Off                  ;
; Iteration limit for constant Verilog loops                                      ; 5000               ; 5000                 ;
; Iteration limit for non-constant Verilog loops                                  ; 250                ; 250                  ;
; Add Pass-Through Logic to Inferred RAMs                                         ; On                 ; On                   ;
; Infer RAMs from Raw Logic                                                       ; On                 ; On                   ;
; Parallel Synthesis                                                              ; On                 ; On                   ;
; DSP Block Balancing                                                             ; Auto               ; Auto                 ;
; NOT Gate Push-Back                                                              ; On                 ; On                   ;
; Power-Up Don't Care                                                             ; On                 ; On                   ;
; Remove Redundant Logic Cells                                                    ; Off                ; Off                  ;
; Remove Duplicate Registers                                                      ; On                 ; On                   ;
; Ignore CARRY Buffers                                                            ; Off                ; Off                  ;
; Ignore CASCADE Buffers                                                          ; Off                ; Off                  ;
; Ignore GLOBAL Buffers                                                           ; Off                ; Off                  ;
; Ignore ROW GLOBAL Buffers                                                       ; Off                ; Off                  ;
; Ignore LCELL Buffers                                                            ; Off                ; Off                  ;
; Ignore SOFT Buffers                                                             ; On                 ; On                   ;
; Limit AHDL Integers to 32 Bits                                                  ; Off                ; Off                  ;
; Optimization Technique                                                          ; Balanced           ; Balanced             ;
; Carry Chain Length                                                              ; 70                 ; 70                   ;
; Auto Carry Chains                                                               ; On                 ; On                   ;
; Auto Open-Drain Pins                                                            ; On                 ; On                   ;
; Perform WYSIWYG Primitive Resynthesis                                           ; Off                ; Off                  ;
; Auto ROM Replacement                                                            ; On                 ; On                   ;
; Auto RAM Replacement                                                            ; On                 ; On                   ;
; Auto DSP Block Replacement                                                      ; On                 ; On                   ;
; Auto Shift Register Replacement                                                 ; Auto               ; Auto                 ;
; Allow Shift Register Merging across Hierarchies                                 ; Auto               ; Auto                 ;
; Auto Clock Enable Replacement                                                   ; On                 ; On                   ;
; Strict RAM Replacement                                                          ; Off                ; Off                  ;
; Allow Synchronous Control Signals                                               ; On                 ; On                   ;
; Force Use of Synchronous Clear Signals                                          ; Off                ; Off                  ;
; Auto Resource Sharing                                                           ; Off                ; Off                  ;
; Allow Any RAM Size For Recognition                                              ; Off                ; Off                  ;
; Allow Any ROM Size For Recognition                                              ; Off                ; Off                  ;
; Allow Any Shift Register Size For Recognition                                   ; Off                ; Off                  ;
; Use LogicLock Constraints during Resource Balancing                             ; On                 ; On                   ;
; Ignore translate_off and synthesis_off directives                               ; Off                ; Off                  ;
; Timing-Driven Synthesis                                                         ; On                 ; On                   ;
; Report Parameter Settings                                                       ; On                 ; On                   ;
; Report Source Assignments                                                       ; On                 ; On                   ;
; Report Connectivity Checks                                                      ; On                 ; On                   ;
; Ignore Maximum Fan-Out Assignments                                              ; Off                ; Off                  ;
; Synchronization Register Chain Length                                           ; 3                  ; 3                    ;
; Power Optimization During Synthesis                                             ; Normal compilation ; Normal compilation   ;
; HDL message level                                                               ; Level2             ; Level2               ;
; Suppress Register Optimization Related Messages                                 ; Off                ; Off                  ;
; Number of Removed Registers Reported in Synthesis Report                        ; 5000               ; 5000                 ;
; Number of Swept Nodes Reported in Synthesis Report                              ; 5000               ; 5000                 ;
; Number of Inverted Registers Reported in Synthesis Report                       ; 100                ; 100                  ;
; Clock MUX Protection                                                            ; On                 ; On                   ;
; Auto Gated Clock Conversion                                                     ; Off                ; Off                  ;
; Block Design Naming                                                             ; Auto               ; Auto                 ;
; SDC constraint protection                                                       ; Off                ; Off                  ;
; Synthesis Effort                                                                ; Auto               ; Auto                 ;
; Shift Register Replacement - Allow Asynchronous Clear Signal                    ; On                 ; On                   ;
; Pre-Mapping Resynthesis Optimization                                            ; Off                ; Off                  ;
; Analysis & Synthesis Message Level                                              ; Medium             ; Medium               ;
; Disable Register Merging Across Hierarchies                                     ; Auto               ; Auto                 ;
; Resource Aware Inference For Block RAM                                          ; On                 ; On                   ;
; Automatic Parallel Synthesis                                                    ; On                 ; On                   ;
; Partial Reconfiguration Bitstream ID                                            ; Off                ; Off                  ;
+---------------------------------------------------------------------------------+--------------------+----------------------+


+---------------------------------+
; Analysis & Elaboration Messages ;
+---------------------------------+
Info: *******************************************************************
Info: Running Quartus Prime Analysis & Elaboration
    Info: Version 20.1.1 Build 720 11/11/2020 SJ Lite Edition
    Info: Processing started: Tue May 09 01:46:33 2023
Info: Command: quartus_map --read_settings_files=on --write_settings_files=off 2048_game -c 2048_game_top_module --analysis_and_elaboration
Warning (18236): Number of processors has not been specified which may cause overloading on shared machines.  Set the global assignment NUM_PARALLEL_PROCESSORS in your QSF to an appropriate value for best performance.
Info (20030): Parallel compilation is enabled and will use 16 of the 16 processors detected
Info (12021): Found 1 design units, including 1 entities, in source file logic_module_tb.sv
    Info (12023): Found entity 1: logic_Module_tb File: C:/Users/Joseff01/Documents/Git/drichmond_digital_design_lab_2023/lab4/logic_Module_tb.sv Line: 1
Info (12021): Found 1 design units, including 1 entities, in source file game_2048_top_module.sv
    Info (12023): Found entity 1: game_2048_top_module File: C:/Users/Joseff01/Documents/Git/drichmond_digital_design_lab_2023/lab4/game_2048_top_module.sv Line: 1
Info (12021): Found 1 design units, including 1 entities, in source file maquina_estados.sv
    Info (12023): Found entity 1: maquina_Estados File: C:/Users/Joseff01/Documents/Git/drichmond_digital_design_lab_2023/lab4/maquina_Estados.sv Line: 1
Info (12021): Found 1 design units, including 1 entities, in source file logic_module.sv
    Info (12023): Found entity 1: logic_Module File: C:/Users/Joseff01/Documents/Git/drichmond_digital_design_lab_2023/lab4/logic_Module.sv Line: 1
Info (12021): Found 1 design units, including 1 entities, in source file vga_main_module.sv
    Info (12023): Found entity 1: VGA_Main_Module File: C:/Users/Joseff01/Documents/Git/drichmond_digital_design_lab_2023/lab4/VGA_Main_Module.sv Line: 1
Info (12021): Found 1 design units, including 1 entities, in source file up_slide.sv
    Info (12023): Found entity 1: up_slide File: C:/Users/Joseff01/Documents/Git/drichmond_digital_design_lab_2023/lab4/up_slide.sv Line: 1
Info (12021): Found 1 design units, including 1 entities, in source file up_slide_tb.sv
    Info (12023): Found entity 1: up_slide_tb File: C:/Users/Joseff01/Documents/Git/drichmond_digital_design_lab_2023/lab4/up_slide_tb.sv Line: 1
Info (12021): Found 1 design units, including 1 entities, in source file down_slide.sv
    Info (12023): Found entity 1: down_slide File: C:/Users/Joseff01/Documents/Git/drichmond_digital_design_lab_2023/lab4/down_slide.sv Line: 1
Info (12021): Found 1 design units, including 1 entities, in source file add_random.sv
    Info (12023): Found entity 1: add_random File: C:/Users/Joseff01/Documents/Git/drichmond_digital_design_lab_2023/lab4/add_random.sv Line: 1
Info (12021): Found 1 design units, including 1 entities, in source file maquina_estados_tb.sv
    Info (12023): Found entity 1: maquina_Estados_tb File: C:/Users/Joseff01/Documents/Git/drichmond_digital_design_lab_2023/lab4/maquina_Estados_tb.sv Line: 1
Info (12021): Found 1 design units, including 1 entities, in source file reset.sv
    Info (12023): Found entity 1: reset File: C:/Users/Joseff01/Documents/Git/drichmond_digital_design_lab_2023/lab4/reset.sv Line: 1
Info (12021): Found 1 design units, including 1 entities, in source file reset_tb.sv
    Info (12023): Found entity 1: reset_tb File: C:/Users/Joseff01/Documents/Git/drichmond_digital_design_lab_2023/lab4/reset_tb.sv Line: 1
Info (12021): Found 1 design units, including 1 entities, in source file right_slide.sv
    Info (12023): Found entity 1: right_slide File: C:/Users/Joseff01/Documents/Git/drichmond_digital_design_lab_2023/lab4/right_slide.sv Line: 1
Info (12021): Found 1 design units, including 1 entities, in source file right_slide_tb.sv
    Info (12023): Found entity 1: right_slide_tb File: C:/Users/Joseff01/Documents/Git/drichmond_digital_design_lab_2023/lab4/right_slide_tb.sv Line: 1
Info (12021): Found 1 design units, including 1 entities, in source file left_slide.sv
    Info (12023): Found entity 1: left_slide File: C:/Users/Joseff01/Documents/Git/drichmond_digital_design_lab_2023/lab4/left_slide.sv Line: 1
Info (12021): Found 1 design units, including 1 entities, in source file check_matrix_full.sv
    Info (12023): Found entity 1: check_matrix_full File: C:/Users/Joseff01/Documents/Git/drichmond_digital_design_lab_2023/lab4/check_matrix_full.sv Line: 1
Info (12021): Found 1 design units, including 1 entities, in source file check_matrix_full_tb.sv
    Info (12023): Found entity 1: check_matrix_full_tb File: C:/Users/Joseff01/Documents/Git/drichmond_digital_design_lab_2023/lab4/check_matrix_full_tb.sv Line: 1
Info (12021): Found 1 design units, including 1 entities, in source file have_move.sv
    Info (12023): Found entity 1: have_move File: C:/Users/Joseff01/Documents/Git/drichmond_digital_design_lab_2023/lab4/have_move.sv Line: 1
Info (12021): Found 1 design units, including 1 entities, in source file have_move_tb.sv
    Info (12023): Found entity 1: have_move_tb File: C:/Users/Joseff01/Documents/Git/drichmond_digital_design_lab_2023/lab4/have_move_tb.sv Line: 1
Info (12021): Found 1 design units, including 1 entities, in source file win.sv
    Info (12023): Found entity 1: win File: C:/Users/Joseff01/Documents/Git/drichmond_digital_design_lab_2023/lab4/win.sv Line: 1
Info (12021): Found 1 design units, including 1 entities, in source file win_tb.sv
    Info (12023): Found entity 1: win_tb File: C:/Users/Joseff01/Documents/Git/drichmond_digital_design_lab_2023/lab4/win_tb.sv Line: 1
Info (12021): Found 1 design units, including 1 entities, in source file win_or_lose.sv
    Info (12023): Found entity 1: win_or_lose File: C:/Users/Joseff01/Documents/Git/drichmond_digital_design_lab_2023/lab4/win_or_lose.sv Line: 1
Warning (10236): Verilog HDL Implicit Net warning at game_2048_top_module.sv(25): created implicit net for "clk" File: C:/Users/Joseff01/Documents/Git/drichmond_digital_design_lab_2023/lab4/game_2048_top_module.sv Line: 25
Info (12127): Elaborating entity "logic_Module" for the top level hierarchy
Info (10041): Inferred latch for "cell_matrix_Direction_Wire[0][0]" at logic_Module.sv(100) File: C:/Users/Joseff01/Documents/Git/drichmond_digital_design_lab_2023/lab4/logic_Module.sv Line: 100
Info (10041): Inferred latch for "cell_matrix_Direction_Wire[0][1]" at logic_Module.sv(100) File: C:/Users/Joseff01/Documents/Git/drichmond_digital_design_lab_2023/lab4/logic_Module.sv Line: 100
Info (10041): Inferred latch for "cell_matrix_Direction_Wire[0][2]" at logic_Module.sv(100) File: C:/Users/Joseff01/Documents/Git/drichmond_digital_design_lab_2023/lab4/logic_Module.sv Line: 100
Info (10041): Inferred latch for "cell_matrix_Direction_Wire[0][3]" at logic_Module.sv(100) File: C:/Users/Joseff01/Documents/Git/drichmond_digital_design_lab_2023/lab4/logic_Module.sv Line: 100
Info (10041): Inferred latch for "cell_matrix_Direction_Wire[1][0]" at logic_Module.sv(100) File: C:/Users/Joseff01/Documents/Git/drichmond_digital_design_lab_2023/lab4/logic_Module.sv Line: 100
Info (10041): Inferred latch for "cell_matrix_Direction_Wire[1][1]" at logic_Module.sv(100) File: C:/Users/Joseff01/Documents/Git/drichmond_digital_design_lab_2023/lab4/logic_Module.sv Line: 100
Info (10041): Inferred latch for "cell_matrix_Direction_Wire[1][2]" at logic_Module.sv(100) File: C:/Users/Joseff01/Documents/Git/drichmond_digital_design_lab_2023/lab4/logic_Module.sv Line: 100
Info (10041): Inferred latch for "cell_matrix_Direction_Wire[1][3]" at logic_Module.sv(100) File: C:/Users/Joseff01/Documents/Git/drichmond_digital_design_lab_2023/lab4/logic_Module.sv Line: 100
Info (10041): Inferred latch for "cell_matrix_Direction_Wire[2][0]" at logic_Module.sv(100) File: C:/Users/Joseff01/Documents/Git/drichmond_digital_design_lab_2023/lab4/logic_Module.sv Line: 100
Info (10041): Inferred latch for "cell_matrix_Direction_Wire[2][1]" at logic_Module.sv(100) File: C:/Users/Joseff01/Documents/Git/drichmond_digital_design_lab_2023/lab4/logic_Module.sv Line: 100
Info (10041): Inferred latch for "cell_matrix_Direction_Wire[2][2]" at logic_Module.sv(100) File: C:/Users/Joseff01/Documents/Git/drichmond_digital_design_lab_2023/lab4/logic_Module.sv Line: 100
Info (10041): Inferred latch for "cell_matrix_Direction_Wire[2][3]" at logic_Module.sv(100) File: C:/Users/Joseff01/Documents/Git/drichmond_digital_design_lab_2023/lab4/logic_Module.sv Line: 100
Info (10041): Inferred latch for "cell_matrix_Direction_Wire[3][0]" at logic_Module.sv(100) File: C:/Users/Joseff01/Documents/Git/drichmond_digital_design_lab_2023/lab4/logic_Module.sv Line: 100
Info (10041): Inferred latch for "cell_matrix_Direction_Wire[3][1]" at logic_Module.sv(100) File: C:/Users/Joseff01/Documents/Git/drichmond_digital_design_lab_2023/lab4/logic_Module.sv Line: 100
Info (10041): Inferred latch for "cell_matrix_Direction_Wire[3][2]" at logic_Module.sv(100) File: C:/Users/Joseff01/Documents/Git/drichmond_digital_design_lab_2023/lab4/logic_Module.sv Line: 100
Info (10041): Inferred latch for "cell_matrix_Direction_Wire[3][3]" at logic_Module.sv(100) File: C:/Users/Joseff01/Documents/Git/drichmond_digital_design_lab_2023/lab4/logic_Module.sv Line: 100
Info (10041): Inferred latch for "cell_matrix_Direction_Wire[4][0]" at logic_Module.sv(100) File: C:/Users/Joseff01/Documents/Git/drichmond_digital_design_lab_2023/lab4/logic_Module.sv Line: 100
Info (10041): Inferred latch for "cell_matrix_Direction_Wire[4][1]" at logic_Module.sv(100) File: C:/Users/Joseff01/Documents/Git/drichmond_digital_design_lab_2023/lab4/logic_Module.sv Line: 100
Info (10041): Inferred latch for "cell_matrix_Direction_Wire[4][2]" at logic_Module.sv(100) File: C:/Users/Joseff01/Documents/Git/drichmond_digital_design_lab_2023/lab4/logic_Module.sv Line: 100
Info (10041): Inferred latch for "cell_matrix_Direction_Wire[4][3]" at logic_Module.sv(100) File: C:/Users/Joseff01/Documents/Git/drichmond_digital_design_lab_2023/lab4/logic_Module.sv Line: 100
Info (10041): Inferred latch for "cell_matrix_Direction_Wire[5][0]" at logic_Module.sv(100) File: C:/Users/Joseff01/Documents/Git/drichmond_digital_design_lab_2023/lab4/logic_Module.sv Line: 100
Info (10041): Inferred latch for "cell_matrix_Direction_Wire[5][1]" at logic_Module.sv(100) File: C:/Users/Joseff01/Documents/Git/drichmond_digital_design_lab_2023/lab4/logic_Module.sv Line: 100
Info (10041): Inferred latch for "cell_matrix_Direction_Wire[5][2]" at logic_Module.sv(100) File: C:/Users/Joseff01/Documents/Git/drichmond_digital_design_lab_2023/lab4/logic_Module.sv Line: 100
Info (10041): Inferred latch for "cell_matrix_Direction_Wire[5][3]" at logic_Module.sv(100) File: C:/Users/Joseff01/Documents/Git/drichmond_digital_design_lab_2023/lab4/logic_Module.sv Line: 100
Info (10041): Inferred latch for "cell_matrix_Direction_Wire[6][0]" at logic_Module.sv(100) File: C:/Users/Joseff01/Documents/Git/drichmond_digital_design_lab_2023/lab4/logic_Module.sv Line: 100
Info (10041): Inferred latch for "cell_matrix_Direction_Wire[6][1]" at logic_Module.sv(100) File: C:/Users/Joseff01/Documents/Git/drichmond_digital_design_lab_2023/lab4/logic_Module.sv Line: 100
Info (10041): Inferred latch for "cell_matrix_Direction_Wire[6][2]" at logic_Module.sv(100) File: C:/Users/Joseff01/Documents/Git/drichmond_digital_design_lab_2023/lab4/logic_Module.sv Line: 100
Info (10041): Inferred latch for "cell_matrix_Direction_Wire[6][3]" at logic_Module.sv(100) File: C:/Users/Joseff01/Documents/Git/drichmond_digital_design_lab_2023/lab4/logic_Module.sv Line: 100
Info (10041): Inferred latch for "cell_matrix_Direction_Wire[7][0]" at logic_Module.sv(100) File: C:/Users/Joseff01/Documents/Git/drichmond_digital_design_lab_2023/lab4/logic_Module.sv Line: 100
Info (10041): Inferred latch for "cell_matrix_Direction_Wire[7][1]" at logic_Module.sv(100) File: C:/Users/Joseff01/Documents/Git/drichmond_digital_design_lab_2023/lab4/logic_Module.sv Line: 100
Info (10041): Inferred latch for "cell_matrix_Direction_Wire[7][2]" at logic_Module.sv(100) File: C:/Users/Joseff01/Documents/Git/drichmond_digital_design_lab_2023/lab4/logic_Module.sv Line: 100
Info (10041): Inferred latch for "cell_matrix_Direction_Wire[7][3]" at logic_Module.sv(100) File: C:/Users/Joseff01/Documents/Git/drichmond_digital_design_lab_2023/lab4/logic_Module.sv Line: 100
Info (10041): Inferred latch for "cell_matrix_Direction_Wire[8][0]" at logic_Module.sv(100) File: C:/Users/Joseff01/Documents/Git/drichmond_digital_design_lab_2023/lab4/logic_Module.sv Line: 100
Info (10041): Inferred latch for "cell_matrix_Direction_Wire[8][1]" at logic_Module.sv(100) File: C:/Users/Joseff01/Documents/Git/drichmond_digital_design_lab_2023/lab4/logic_Module.sv Line: 100
Info (10041): Inferred latch for "cell_matrix_Direction_Wire[8][2]" at logic_Module.sv(100) File: C:/Users/Joseff01/Documents/Git/drichmond_digital_design_lab_2023/lab4/logic_Module.sv Line: 100
Info (10041): Inferred latch for "cell_matrix_Direction_Wire[8][3]" at logic_Module.sv(100) File: C:/Users/Joseff01/Documents/Git/drichmond_digital_design_lab_2023/lab4/logic_Module.sv Line: 100
Info (10041): Inferred latch for "cell_matrix_Direction_Wire[9][0]" at logic_Module.sv(100) File: C:/Users/Joseff01/Documents/Git/drichmond_digital_design_lab_2023/lab4/logic_Module.sv Line: 100
Info (10041): Inferred latch for "cell_matrix_Direction_Wire[9][1]" at logic_Module.sv(100) File: C:/Users/Joseff01/Documents/Git/drichmond_digital_design_lab_2023/lab4/logic_Module.sv Line: 100
Info (10041): Inferred latch for "cell_matrix_Direction_Wire[9][2]" at logic_Module.sv(100) File: C:/Users/Joseff01/Documents/Git/drichmond_digital_design_lab_2023/lab4/logic_Module.sv Line: 100
Info (10041): Inferred latch for "cell_matrix_Direction_Wire[9][3]" at logic_Module.sv(100) File: C:/Users/Joseff01/Documents/Git/drichmond_digital_design_lab_2023/lab4/logic_Module.sv Line: 100
Info (10041): Inferred latch for "cell_matrix_Direction_Wire[10][0]" at logic_Module.sv(100) File: C:/Users/Joseff01/Documents/Git/drichmond_digital_design_lab_2023/lab4/logic_Module.sv Line: 100
Info (10041): Inferred latch for "cell_matrix_Direction_Wire[10][1]" at logic_Module.sv(100) File: C:/Users/Joseff01/Documents/Git/drichmond_digital_design_lab_2023/lab4/logic_Module.sv Line: 100
Info (10041): Inferred latch for "cell_matrix_Direction_Wire[10][2]" at logic_Module.sv(100) File: C:/Users/Joseff01/Documents/Git/drichmond_digital_design_lab_2023/lab4/logic_Module.sv Line: 100
Info (10041): Inferred latch for "cell_matrix_Direction_Wire[10][3]" at logic_Module.sv(100) File: C:/Users/Joseff01/Documents/Git/drichmond_digital_design_lab_2023/lab4/logic_Module.sv Line: 100
Info (10041): Inferred latch for "cell_matrix_Direction_Wire[11][0]" at logic_Module.sv(100) File: C:/Users/Joseff01/Documents/Git/drichmond_digital_design_lab_2023/lab4/logic_Module.sv Line: 100
Info (10041): Inferred latch for "cell_matrix_Direction_Wire[11][1]" at logic_Module.sv(100) File: C:/Users/Joseff01/Documents/Git/drichmond_digital_design_lab_2023/lab4/logic_Module.sv Line: 100
Info (10041): Inferred latch for "cell_matrix_Direction_Wire[11][2]" at logic_Module.sv(100) File: C:/Users/Joseff01/Documents/Git/drichmond_digital_design_lab_2023/lab4/logic_Module.sv Line: 100
Info (10041): Inferred latch for "cell_matrix_Direction_Wire[11][3]" at logic_Module.sv(100) File: C:/Users/Joseff01/Documents/Git/drichmond_digital_design_lab_2023/lab4/logic_Module.sv Line: 100
Info (10041): Inferred latch for "cell_matrix_Direction_Wire[12][0]" at logic_Module.sv(100) File: C:/Users/Joseff01/Documents/Git/drichmond_digital_design_lab_2023/lab4/logic_Module.sv Line: 100
Info (10041): Inferred latch for "cell_matrix_Direction_Wire[12][1]" at logic_Module.sv(100) File: C:/Users/Joseff01/Documents/Git/drichmond_digital_design_lab_2023/lab4/logic_Module.sv Line: 100
Info (10041): Inferred latch for "cell_matrix_Direction_Wire[12][2]" at logic_Module.sv(100) File: C:/Users/Joseff01/Documents/Git/drichmond_digital_design_lab_2023/lab4/logic_Module.sv Line: 100
Info (10041): Inferred latch for "cell_matrix_Direction_Wire[12][3]" at logic_Module.sv(100) File: C:/Users/Joseff01/Documents/Git/drichmond_digital_design_lab_2023/lab4/logic_Module.sv Line: 100
Info (10041): Inferred latch for "cell_matrix_Direction_Wire[13][0]" at logic_Module.sv(100) File: C:/Users/Joseff01/Documents/Git/drichmond_digital_design_lab_2023/lab4/logic_Module.sv Line: 100
Info (10041): Inferred latch for "cell_matrix_Direction_Wire[13][1]" at logic_Module.sv(100) File: C:/Users/Joseff01/Documents/Git/drichmond_digital_design_lab_2023/lab4/logic_Module.sv Line: 100
Info (10041): Inferred latch for "cell_matrix_Direction_Wire[13][2]" at logic_Module.sv(100) File: C:/Users/Joseff01/Documents/Git/drichmond_digital_design_lab_2023/lab4/logic_Module.sv Line: 100
Info (10041): Inferred latch for "cell_matrix_Direction_Wire[13][3]" at logic_Module.sv(100) File: C:/Users/Joseff01/Documents/Git/drichmond_digital_design_lab_2023/lab4/logic_Module.sv Line: 100
Info (10041): Inferred latch for "cell_matrix_Direction_Wire[14][0]" at logic_Module.sv(100) File: C:/Users/Joseff01/Documents/Git/drichmond_digital_design_lab_2023/lab4/logic_Module.sv Line: 100
Info (10041): Inferred latch for "cell_matrix_Direction_Wire[14][1]" at logic_Module.sv(100) File: C:/Users/Joseff01/Documents/Git/drichmond_digital_design_lab_2023/lab4/logic_Module.sv Line: 100
Info (10041): Inferred latch for "cell_matrix_Direction_Wire[14][2]" at logic_Module.sv(100) File: C:/Users/Joseff01/Documents/Git/drichmond_digital_design_lab_2023/lab4/logic_Module.sv Line: 100
Info (10041): Inferred latch for "cell_matrix_Direction_Wire[14][3]" at logic_Module.sv(100) File: C:/Users/Joseff01/Documents/Git/drichmond_digital_design_lab_2023/lab4/logic_Module.sv Line: 100
Info (10041): Inferred latch for "cell_matrix_Direction_Wire[15][0]" at logic_Module.sv(100) File: C:/Users/Joseff01/Documents/Git/drichmond_digital_design_lab_2023/lab4/logic_Module.sv Line: 100
Info (10041): Inferred latch for "cell_matrix_Direction_Wire[15][1]" at logic_Module.sv(100) File: C:/Users/Joseff01/Documents/Git/drichmond_digital_design_lab_2023/lab4/logic_Module.sv Line: 100
Info (10041): Inferred latch for "cell_matrix_Direction_Wire[15][2]" at logic_Module.sv(100) File: C:/Users/Joseff01/Documents/Git/drichmond_digital_design_lab_2023/lab4/logic_Module.sv Line: 100
Info (10041): Inferred latch for "cell_matrix_Direction_Wire[15][3]" at logic_Module.sv(100) File: C:/Users/Joseff01/Documents/Git/drichmond_digital_design_lab_2023/lab4/logic_Module.sv Line: 100
Info (12128): Elaborating entity "up_slide" for hierarchy "up_slide:UM" File: C:/Users/Joseff01/Documents/Git/drichmond_digital_design_lab_2023/lab4/logic_Module.sv Line: 41
Info (12128): Elaborating entity "down_slide" for hierarchy "down_slide:DM" File: C:/Users/Joseff01/Documents/Git/drichmond_digital_design_lab_2023/lab4/logic_Module.sv Line: 48
Info (12128): Elaborating entity "right_slide" for hierarchy "right_slide:RM" File: C:/Users/Joseff01/Documents/Git/drichmond_digital_design_lab_2023/lab4/logic_Module.sv Line: 55
Info (12128): Elaborating entity "left_slide" for hierarchy "left_slide:LM" File: C:/Users/Joseff01/Documents/Git/drichmond_digital_design_lab_2023/lab4/logic_Module.sv Line: 63
Info (12128): Elaborating entity "reset" for hierarchy "reset:ResM" File: C:/Users/Joseff01/Documents/Git/drichmond_digital_design_lab_2023/lab4/logic_Module.sv Line: 69
Info (12128): Elaborating entity "add_random" for hierarchy "reset:ResM|add_random:random_inst_1" File: C:/Users/Joseff01/Documents/Git/drichmond_digital_design_lab_2023/lab4/reset.sv Line: 20
Info (12128): Elaborating entity "win_or_lose" for hierarchy "win_or_lose:WoLM" File: C:/Users/Joseff01/Documents/Git/drichmond_digital_design_lab_2023/lab4/logic_Module.sv Line: 79
Info (12128): Elaborating entity "have_move" for hierarchy "win_or_lose:WoLM|have_move:h_move" File: C:/Users/Joseff01/Documents/Git/drichmond_digital_design_lab_2023/lab4/win_or_lose.sv Line: 15
Info (12128): Elaborating entity "check_matrix_full" for hierarchy "win_or_lose:WoLM|check_matrix_full:matrix_complete" File: C:/Users/Joseff01/Documents/Git/drichmond_digital_design_lab_2023/lab4/win_or_lose.sv Line: 20
Info (12128): Elaborating entity "win" for hierarchy "win_or_lose:WoLM|win:win_ver" File: C:/Users/Joseff01/Documents/Git/drichmond_digital_design_lab_2023/lab4/win_or_lose.sv Line: 29
Info: Quartus Prime Analysis & Elaboration was successful. 0 errors, 2 warnings
    Info: Peak virtual memory: 4784 megabytes
    Info: Processing ended: Tue May 09 01:46:40 2023
    Info: Elapsed time: 00:00:07
    Info: Total CPU time (on all processors): 00:00:09


